{"D:\\Dev\\pipe-mania\\src\\core\\config.ts": {"path":"D:\\Dev\\pipe-mania\\src\\core\\config.ts","statementMap":{"0":{"start":{"line":211,"column":0},"end":{"line":211,"column":16}},"1":{"start":{"line":1,"column":0},"end":{"line":1,"column":24}},"2":{"start":{"line":3,"column":13},"end":{"line":119,"column":3}},"3":{"start":{"line":101,"column":20},"end":{"line":101,"column":58}},"4":{"start":{"line":123,"column":13},"end":{"line":209,"column":2}},"5":{"start":{"line":212,"column":2},"end":{"line":214,"column":3}},"6":{"start":{"line":213,"column":4},"end":{"line":213,"column":25}},"7":{"start":{"line":216,"column":22},"end":{"line":216,"column":55}},"8":{"start":{"line":217,"column":2},"end":{"line":220,"column":3}},"9":{"start":{"line":218,"column":4},"end":{"line":218,"column":86}},"10":{"start":{"line":219,"column":4},"end":{"line":219,"column":25}},"11":{"start":{"line":222,"column":2},"end":{"line":222,"column":26}}},"fnMap":{"0":{"name":"(anonymous_0)","decl":{"start":{"line":101,"column":12},"end":{"line":101,"column":16}},"loc":{"start":{"line":101,"column":20},"end":{"line":101,"column":58}}},"1":{"name":"loadConfig","decl":{"start":{"line":211,"column":16},"end":{"line":211,"column":26}},"loc":{"start":{"line":211,"column":46},"end":{"line":223,"column":1}}}},"branchMap":{"0":{"loc":{"start":{"line":212,"column":2},"end":{"line":214,"column":3}},"type":"if","locations":[{"start":{"line":212,"column":2},"end":{"line":214,"column":3}},{"start":{},"end":{}}]},"1":{"loc":{"start":{"line":217,"column":2},"end":{"line":220,"column":3}},"type":"if","locations":[{"start":{"line":217,"column":2},"end":{"line":220,"column":3}},{"start":{},"end":{}}]}},"s":{"0":0,"1":0,"2":0,"3":0,"4":0,"5":0,"6":0,"7":0,"8":0,"9":0,"10":0,"11":0},"f":{"0":0,"1":0},"b":{"0":[0,0],"1":[0,0]}}
,"D:\\Dev\\pipe-mania\\src\\core\\constants.ts": {"path":"D:\\Dev\\pipe-mania\\src\\core\\constants.ts","statementMap":{"0":{"start":{"line":2,"column":0},"end":{"line":2,"column":null}},"1":{"start":{"line":9,"column":13},"end":{"line":9,"column":58}},"2":{"start":{"line":11,"column":13},"end":{"line":14,"column":4}},"3":{"start":{"line":16,"column":13},"end":{"line":16,"column":36}},"4":{"start":{"line":18,"column":13},"end":{"line":20,"column":30}},"5":{"start":{"line":19,"column":29},"end":{"line":19,"column":69}},"6":{"start":{"line":22,"column":13},"end":{"line":26,"column":11}},"7":{"start":{"line":28,"column":13},"end":{"line":28,"column":80}},"8":{"start":{"line":30,"column":13},"end":{"line":35,"column":2}}},"fnMap":{"0":{"name":"(anonymous_0)","decl":{"start":{"line":19,"column":21},"end":{"line":19,"column":25}},"loc":{"start":{"line":19,"column":29},"end":{"line":19,"column":69}}}},"branchMap":{},"s":{"0":2,"1":2,"2":2,"3":2,"4":2,"5":10,"6":2,"7":2,"8":2},"f":{"0":10},"b":{}}
,"D:\\Dev\\pipe-mania\\src\\core\\logger.ts": {"path":"D:\\Dev\\pipe-mania\\src\\core\\logger.ts","statementMap":{"0":{"start":{"line":1,"column":13},"end":{"line":5,"column":2}},"1":{"start":{"line":2,"column":28},"end":{"line":2,"column":68}},"2":{"start":{"line":3,"column":28},"end":{"line":3,"column":69}},"3":{"start":{"line":4,"column":29},"end":{"line":4,"column":72}}},"fnMap":{"0":{"name":"(anonymous_0)","decl":{"start":{"line":2,"column":8},"end":{"line":2,"column":9}},"loc":{"start":{"line":2,"column":28},"end":{"line":2,"column":68}}},"1":{"name":"(anonymous_1)","decl":{"start":{"line":3,"column":8},"end":{"line":3,"column":9}},"loc":{"start":{"line":3,"column":28},"end":{"line":3,"column":69}}},"2":{"name":"(anonymous_2)","decl":{"start":{"line":4,"column":9},"end":{"line":4,"column":10}},"loc":{"start":{"line":4,"column":29},"end":{"line":4,"column":72}}}},"branchMap":{},"s":{"0":5,"1":93,"2":1,"3":4},"f":{"0":93,"1":1,"2":4},"b":{}}
,"D:\\Dev\\pipe-mania\\src\\core\\rng.ts": {"path":"D:\\Dev\\pipe-mania\\src\\core\\rng.ts","statementMap":{"0":{"start":{"line":4,"column":0},"end":{"line":4,"column":16}},"1":{"start":{"line":17,"column":0},"end":{"line":17,"column":16}},"2":{"start":{"line":5,"column":10},"end":{"line":5,"column":25}},"3":{"start":{"line":6,"column":2},"end":{"line":13,"column":4}},"4":{"start":{"line":8,"column":4},"end":{"line":8,"column":31}},"5":{"start":{"line":9,"column":12},"end":{"line":9,"column":13}},"6":{"start":{"line":10,"column":4},"end":{"line":10,"column":41}},"7":{"start":{"line":11,"column":4},"end":{"line":11,"column":46}},"8":{"start":{"line":12,"column":4},"end":{"line":12,"column":49}},"9":{"start":{"line":18,"column":10},"end":{"line":18,"column":20}},"10":{"start":{"line":19,"column":2},"end":{"line":22,"column":3}},"11":{"start":{"line":19,"column":15},"end":{"line":19,"column":16}},"12":{"start":{"line":20,"column":4},"end":{"line":20,"column":29}},"13":{"start":{"line":21,"column":4},"end":{"line":21,"column":33}},"14":{"start":{"line":23,"column":2},"end":{"line":23,"column":17}}},"fnMap":{"0":{"name":"createSeededRng","decl":{"start":{"line":4,"column":16},"end":{"line":4,"column":31}},"loc":{"start":{"line":4,"column":44},"end":{"line":14,"column":1}}},"1":{"name":"(anonymous_1)","decl":{"start":{"line":6,"column":9},"end":{"line":6,"column":null}},"loc":{"start":{"line":6,"column":9},"end":{"line":13,"column":3}}},"2":{"name":"hashStringToSeed","decl":{"start":{"line":17,"column":16},"end":{"line":17,"column":32}},"loc":{"start":{"line":17,"column":46},"end":{"line":24,"column":1}}}},"branchMap":{"0":{"loc":{"start":{"line":5,"column":10},"end":{"line":5,"column":25}},"type":"binary-expr","locations":[{"start":{"line":5,"column":10},"end":{"line":5,"column":20}},{"start":{"line":5,"column":24},"end":{"line":5,"column":25}}]}},"s":{"0":3,"1":3,"2":12,"3":12,"4":1217,"5":1217,"6":1217,"7":1217,"8":1217,"9":11,"10":11,"11":11,"12":1076,"13":1076,"14":11},"f":{"0":12,"1":1217,"2":11},"b":{"0":[12,0]}}
,"D:\\Dev\\pipe-mania\\src\\core\\controller\\GameController.ts": {"path":"D:\\Dev\\pipe-mania\\src\\core\\controller\\GameController.ts","statementMap":{"0":{"start":{"line":3,"column":0},"end":{"line":3,"column":35}},"1":{"start":{"line":4,"column":0},"end":{"line":4,"column":61}},"2":{"start":{"line":6,"column":0},"end":{"line":6,"column":67}},"3":{"start":{"line":9,"column":0},"end":{"line":9,"column":72}},"4":{"start":{"line":10,"column":0},"end":{"line":10,"column":45}},"5":{"start":{"line":11,"column":0},"end":{"line":11,"column":52}},"6":{"start":{"line":12,"column":0},"end":{"line":12,"column":62}},"7":{"start":{"line":14,"column":0},"end":{"line":14,"column":60}},"8":{"start":{"line":23,"column":36},"end":{"line":23,"column":38}},"9":{"start":{"line":25,"column":26},"end":{"line":25,"column":27}},"10":{"start":{"line":26,"column":33},"end":{"line":26,"column":38}},"11":{"start":{"line":32,"column":4},"end":{"line":32,"column":34}},"12":{"start":{"line":33,"column":4},"end":{"line":33,"column":48}},"13":{"start":{"line":33,"column":12},"end":{"line":33,"column":48}},"14":{"start":{"line":38,"column":4},"end":{"line":38,"column":34}},"15":{"start":{"line":41,"column":25},"end":{"line":41,"column":36}},"16":{"start":{"line":42,"column":26},"end":{"line":42,"column":37}},"17":{"start":{"line":43,"column":26},"end":{"line":43,"column":37}},"18":{"start":{"line":46,"column":21},"end":{"line":46,"column":35}},"19":{"start":{"line":47,"column":12},"end":{"line":47,"column":30}},"20":{"start":{"line":48,"column":12},"end":{"line":48,"column":23}},"21":{"start":{"line":50,"column":4},"end":{"line":53,"column":5}},"22":{"start":{"line":51,"column":6},"end":{"line":51,"column":46}},"23":{"start":{"line":52,"column":6},"end":{"line":52,"column":52}},"24":{"start":{"line":55,"column":4},"end":{"line":55,"column":55}},"25":{"start":{"line":57,"column":4},"end":{"line":57,"column":27}},"26":{"start":{"line":59,"column":4},"end":{"line":59,"column":46}},"27":{"start":{"line":60,"column":4},"end":{"line":60,"column":77}},"28":{"start":{"line":61,"column":4},"end":{"line":61,"column":43}},"29":{"start":{"line":62,"column":27},"end":{"line":62,"column":67}},"30":{"start":{"line":63,"column":4},"end":{"line":69,"column":6}},"31":{"start":{"line":65,"column":12},"end":{"line":65,"column":25}},"32":{"start":{"line":66,"column":12},"end":{"line":66,"column":26}},"33":{"start":{"line":73,"column":4},"end":{"line":73,"column":28}},"34":{"start":{"line":74,"column":4},"end":{"line":74,"column":29}},"35":{"start":{"line":75,"column":4},"end":{"line":75,"column":64}},"36":{"start":{"line":81,"column":17},"end":{"line":81,"column":99}},"37":{"start":{"line":81,"column":85},"end":{"line":81,"column":98}},"38":{"start":{"line":82,"column":4},"end":{"line":85,"column":5}},"39":{"start":{"line":83,"column":6},"end":{"line":83,"column":85}},"40":{"start":{"line":84,"column":6},"end":{"line":84,"column":91}},"41":{"start":{"line":87,"column":4},"end":{"line":87,"column":16}},"42":{"start":{"line":91,"column":4},"end":{"line":91,"column":91}},"43":{"start":{"line":95,"column":27},"end":{"line":95,"column":43}},"44":{"start":{"line":96,"column":35},"end":{"line":96,"column":75}},"45":{"start":{"line":98,"column":39},"end":{"line":103,"column":6}},"46":{"start":{"line":105,"column":4},"end":{"line":105,"column":29}},"47":{"start":{"line":106,"column":4},"end":{"line":106,"column":31}},"48":{"start":{"line":107,"column":4},"end":{"line":109,"column":5}},"49":{"start":{"line":108,"column":6},"end":{"line":108,"column":39}},"50":{"start":{"line":111,"column":4},"end":{"line":111,"column":32}},"51":{"start":{"line":115,"column":41},"end":{"line":115,"column":43}},"52":{"start":{"line":116,"column":4},"end":{"line":123,"column":5}},"53":{"start":{"line":116,"column":19},"end":{"line":116,"column":20}},"54":{"start":{"line":117,"column":6},"end":{"line":122,"column":7}},"55":{"start":{"line":117,"column":21},"end":{"line":117,"column":22}},"56":{"start":{"line":118,"column":22},"end":{"line":118,"column":45}},"57":{"start":{"line":119,"column":8},"end":{"line":121,"column":9}},"58":{"start":{"line":120,"column":10},"end":{"line":120,"column":40}},"59":{"start":{"line":125,"column":4},"end":{"line":128,"column":5}},"60":{"start":{"line":126,"column":6},"end":{"line":126,"column":61}},"61":{"start":{"line":127,"column":6},"end":{"line":127,"column":13}},"62":{"start":{"line":133,"column":4},"end":{"line":143,"column":5}},"63":{"start":{"line":134,"column":20},"end":{"line":134,"column":67}},"64":{"start":{"line":135,"column":24},"end":{"line":135,"column":54}},"65":{"start":{"line":136,"column":29},"end":{"line":136,"column":67}},"66":{"start":{"line":137,"column":6},"end":{"line":139,"column":7}},"67":{"start":{"line":138,"column":8},"end":{"line":138,"column":17}},"68":{"start":{"line":141,"column":6},"end":{"line":141,"column":25}},"69":{"start":{"line":142,"column":6},"end":{"line":142,"column":86}},"70":{"start":{"line":145,"column":4},"end":{"line":148,"column":5}},"71":{"start":{"line":146,"column":6},"end":{"line":146,"column":67}},"72":{"start":{"line":147,"column":6},"end":{"line":147,"column":13}},"73":{"start":{"line":150,"column":4},"end":{"line":150,"column":28}},"74":{"start":{"line":151,"column":18},"end":{"line":151,"column":55}},"75":{"start":{"line":152,"column":4},"end":{"line":152,"column":25}},"76":{"start":{"line":153,"column":4},"end":{"line":153,"column":26}},"77":{"start":{"line":154,"column":4},"end":{"line":154,"column":72}},"78":{"start":{"line":155,"column":4},"end":{"line":155,"column":62}},"79":{"start":{"line":156,"column":4},"end":{"line":156,"column":62}},"80":{"start":{"line":160,"column":29},"end":{"line":160,"column":31}},"81":{"start":{"line":161,"column":22},"end":{"line":161,"column":42}},"82":{"start":{"line":162,"column":22},"end":{"line":162,"column":65}},"83":{"start":{"line":164,"column":4},"end":{"line":182,"column":5}},"84":{"start":{"line":164,"column":24},"end":{"line":164,"column":25}},"85":{"start":{"line":165,"column":18},"end":{"line":165,"column":33}},"86":{"start":{"line":166,"column":22},"end":{"line":166,"column":47}},"87":{"start":{"line":167,"column":19},"end":{"line":167,"column":65}},"88":{"start":{"line":168,"column":6},"end":{"line":170,"column":7}},"89":{"start":{"line":169,"column":8},"end":{"line":169,"column":17}},"90":{"start":{"line":172,"column":6},"end":{"line":174,"column":7}},"91":{"start":{"line":173,"column":8},"end":{"line":173,"column":17}},"92":{"start":{"line":176,"column":24},"end":{"line":176,"column":57}},"93":{"start":{"line":177,"column":6},"end":{"line":179,"column":7}},"94":{"start":{"line":178,"column":8},"end":{"line":178,"column":17}},"95":{"start":{"line":181,"column":6},"end":{"line":181,"column":26}},"96":{"start":{"line":184,"column":4},"end":{"line":184,"column":21}},"97":{"start":{"line":188,"column":4},"end":{"line":188,"column":63}},"98":{"start":{"line":193,"column":40},"end":{"line":201,"column":3}},"99":{"start":{"line":194,"column":4},"end":{"line":196,"column":5}},"100":{"start":{"line":195,"column":6},"end":{"line":195,"column":13}},"101":{"start":{"line":198,"column":4},"end":{"line":200,"column":5}},"102":{"start":{"line":199,"column":6},"end":{"line":199,"column":21}},"103":{"start":{"line":204,"column":4},"end":{"line":206,"column":5}},"104":{"start":{"line":205,"column":6},"end":{"line":205,"column":19}},"105":{"start":{"line":207,"column":4},"end":{"line":210,"column":5}},"106":{"start":{"line":208,"column":6},"end":{"line":208,"column":41}},"107":{"start":{"line":209,"column":6},"end":{"line":209,"column":19}},"108":{"start":{"line":212,"column":18},"end":{"line":212,"column":43}},"109":{"start":{"line":213,"column":4},"end":{"line":215,"column":5}},"110":{"start":{"line":214,"column":6},"end":{"line":214,"column":19}},"111":{"start":{"line":217,"column":4},"end":{"line":217,"column":79}},"112":{"start":{"line":225,"column":17},"end":{"line":225,"column":43}},"113":{"start":{"line":226,"column":4},"end":{"line":229,"column":5}},"114":{"start":{"line":227,"column":6},"end":{"line":227,"column":47}},"115":{"start":{"line":228,"column":6},"end":{"line":228,"column":19}},"116":{"start":{"line":231,"column":18},"end":{"line":231,"column":43}},"117":{"start":{"line":232,"column":4},"end":{"line":234,"column":5}},"118":{"start":{"line":233,"column":6},"end":{"line":233,"column":19}},"119":{"start":{"line":236,"column":27},"end":{"line":236,"column":66}},"120":{"start":{"line":238,"column":4},"end":{"line":273,"column":5}},"121":{"start":{"line":239,"column":6},"end":{"line":239,"column":46}},"122":{"start":{"line":242,"column":6},"end":{"line":260,"column":7}},"123":{"start":{"line":243,"column":8},"end":{"line":259,"column":9}},"124":{"start":{"line":244,"column":10},"end":{"line":244,"column":55}},"125":{"start":{"line":247,"column":27},"end":{"line":247,"column":49}},"126":{"start":{"line":248,"column":26},"end":{"line":248,"column":50}},"127":{"start":{"line":249,"column":10},"end":{"line":257,"column":11}},"128":{"start":{"line":250,"column":12},"end":{"line":250,"column":50}},"129":{"start":{"line":251,"column":12},"end":{"line":251,"column":52}},"130":{"start":{"line":252,"column":12},"end":{"line":252,"column":50}},"131":{"start":{"line":254,"column":12},"end":{"line":254,"column":43}},"132":{"start":{"line":255,"column":12},"end":{"line":255,"column":51}},"133":{"start":{"line":256,"column":12},"end":{"line":256,"column":51}},"134":{"start":{"line":258,"column":10},"end":{"line":258,"column":30}},"135":{"start":{"line":261,"column":6},"end":{"line":261,"column":47}},"136":{"start":{"line":262,"column":6},"end":{"line":262,"column":45}},"137":{"start":{"line":264,"column":6},"end":{"line":264,"column":67}},"138":{"start":{"line":266,"column":6},"end":{"line":266,"column":39}},"139":{"start":{"line":267,"column":6},"end":{"line":267,"column":66}},"140":{"start":{"line":269,"column":6},"end":{"line":269,"column":18}},"141":{"start":{"line":271,"column":6},"end":{"line":271,"column":48}},"142":{"start":{"line":272,"column":6},"end":{"line":272,"column":19}},"143":{"start":{"line":277,"column":4},"end":{"line":277,"column":44}},"144":{"start":{"line":281,"column":27},"end":{"line":281,"column":43}},"145":{"start":{"line":283,"column":4},"end":{"line":286,"column":5}},"146":{"start":{"line":284,"column":6},"end":{"line":284,"column":56}},"147":{"start":{"line":285,"column":6},"end":{"line":285,"column":19}},"148":{"start":{"line":287,"column":4},"end":{"line":290,"column":5}},"149":{"start":{"line":288,"column":6},"end":{"line":288,"column":56}},"150":{"start":{"line":289,"column":6},"end":{"line":289,"column":19}},"151":{"start":{"line":293,"column":23},"end":{"line":293,"column":55}},"152":{"start":{"line":294,"column":26},"end":{"line":294,"column":51}},"153":{"start":{"line":295,"column":4},"end":{"line":308,"column":5}},"154":{"start":{"line":296,"column":19},"end":{"line":296,"column":51}},"155":{"start":{"line":297,"column":20},"end":{"line":297,"column":39}},"156":{"start":{"line":298,"column":6},"end":{"line":303,"column":7}},"157":{"start":{"line":299,"column":8},"end":{"line":301,"column":10}},"158":{"start":{"line":302,"column":8},"end":{"line":302,"column":21}},"159":{"start":{"line":304,"column":6},"end":{"line":307,"column":7}},"160":{"start":{"line":305,"column":8},"end":{"line":305,"column":90}},"161":{"start":{"line":306,"column":8},"end":{"line":306,"column":21}},"162":{"start":{"line":310,"column":4},"end":{"line":310,"column":16}},"163":{"start":{"line":316,"column":4},"end":{"line":316,"column":52}},"164":{"start":{"line":320,"column":4},"end":{"line":331,"column":5}},"165":{"start":{"line":322,"column":8},"end":{"line":322,"column":58}},"166":{"start":{"line":324,"column":8},"end":{"line":324,"column":58}},"167":{"start":{"line":326,"column":8},"end":{"line":326,"column":58}},"168":{"start":{"line":328,"column":8},"end":{"line":328,"column":58}},"169":{"start":{"line":330,"column":8},"end":{"line":330,"column":25}},"170":{"start":{"line":337,"column":4},"end":{"line":337,"column":43}},"171":{"start":{"line":343,"column":4},"end":{"line":343,"column":50}},"172":{"start":{"line":347,"column":4},"end":{"line":347,"column":51}},"173":{"start":{"line":351,"column":4},"end":{"line":351,"column":51}},"174":{"start":{"line":355,"column":4},"end":{"line":355,"column":43}},"175":{"start":{"line":360,"column":4},"end":{"line":360,"column":22}},"176":{"start":{"line":364,"column":4},"end":{"line":364,"column":47}},"177":{"start":{"line":365,"column":4},"end":{"line":365,"column":27}},"178":{"start":{"line":366,"column":4},"end":{"line":366,"column":43}},"179":{"start":{"line":370,"column":4},"end":{"line":370,"column":32}},"180":{"start":{"line":371,"column":4},"end":{"line":371,"column":27}},"181":{"start":{"line":372,"column":4},"end":{"line":372,"column":43}},"182":{"start":{"line":376,"column":4},"end":{"line":376,"column":38}},"183":{"start":{"line":380,"column":17},"end":{"line":380,"column":48}},"184":{"start":{"line":381,"column":18},"end":{"line":381,"column":42}},"185":{"start":{"line":382,"column":16},"end":{"line":382,"column":43}},"186":{"start":{"line":383,"column":16},"end":{"line":383,"column":38}},"187":{"start":{"line":384,"column":16},"end":{"line":384,"column":57}},"188":{"start":{"line":385,"column":4},"end":{"line":385,"column":43}},"189":{"start":{"line":389,"column":17},"end":{"line":389,"column":48}},"190":{"start":{"line":390,"column":17},"end":{"line":390,"column":39}},"191":{"start":{"line":391,"column":16},"end":{"line":391,"column":41}},"192":{"start":{"line":392,"column":16},"end":{"line":392,"column":36}},"193":{"start":{"line":393,"column":21},"end":{"line":393,"column":76}},"194":{"start":{"line":394,"column":4},"end":{"line":394,"column":55}},"195":{"start":{"line":398,"column":4},"end":{"line":398,"column":54}},"196":{"start":{"line":402,"column":20},"end":{"line":402,"column":62}},"197":{"start":{"line":403,"column":17},"end":{"line":403,"column":74}},"198":{"start":{"line":406,"column":24},"end":{"line":406,"column":29}},"199":{"start":{"line":408,"column":17},"end":{"line":408,"column":48}},"200":{"start":{"line":409,"column":4},"end":{"line":411,"column":5}},"201":{"start":{"line":410,"column":6},"end":{"line":410,"column":41}},"202":{"start":{"line":414,"column":20},"end":{"line":414,"column":62}},"203":{"start":{"line":415,"column":21},"end":{"line":415,"column":50}},"204":{"start":{"line":416,"column":17},"end":{"line":416,"column":70}},"205":{"start":{"line":417,"column":18},"end":{"line":417,"column":75}},"206":{"start":{"line":419,"column":21},"end":{"line":419,"column":48}},"207":{"start":{"line":420,"column":22},"end":{"line":420,"column":53}},"208":{"start":{"line":421,"column":25},"end":{"line":421,"column":88}},"209":{"start":{"line":424,"column":25},"end":{"line":424,"column":66}},"210":{"start":{"line":425,"column":26},"end":{"line":425,"column":61}},"211":{"start":{"line":427,"column":4},"end":{"line":427,"column":49}},"212":{"start":{"line":431,"column":4},"end":{"line":431,"column":32}},"213":{"start":{"line":435,"column":4},"end":{"line":435,"column":29}},"214":{"start":{"line":439,"column":4},"end":{"line":452,"column":5}},"215":{"start":{"line":439,"column":19},"end":{"line":439,"column":20}},"216":{"start":{"line":440,"column":6},"end":{"line":451,"column":7}},"217":{"start":{"line":440,"column":21},"end":{"line":440,"column":22}},"218":{"start":{"line":441,"column":8},"end":{"line":445,"column":9}},"219":{"start":{"line":442,"column":10},"end":{"line":442,"column":56}},"220":{"start":{"line":444,"column":10},"end":{"line":444,"column":60}},"221":{"start":{"line":446,"column":8},"end":{"line":450,"column":9}},"222":{"start":{"line":447,"column":10},"end":{"line":447,"column":49}},"223":{"start":{"line":448,"column":10},"end":{"line":448,"column":49}},"224":{"start":{"line":449,"column":10},"end":{"line":449,"column":50}},"225":{"start":{"line":453,"column":4},"end":{"line":453,"column":33}},"226":{"start":{"line":454,"column":4},"end":{"line":454,"column":31}},"227":{"start":{"line":455,"column":4},"end":{"line":455,"column":31}},"228":{"start":{"line":457,"column":4},"end":{"line":457,"column":28}},"229":{"start":{"line":459,"column":4},"end":{"line":459,"column":46}},"230":{"start":{"line":460,"column":4},"end":{"line":460,"column":64}},"231":{"start":{"line":462,"column":4},"end":{"line":462,"column":29}},"232":{"start":{"line":468,"column":21},"end":{"line":468,"column":50}},"233":{"start":{"line":469,"column":4},"end":{"line":474,"column":5}},"234":{"start":{"line":470,"column":6},"end":{"line":470,"column":30}},"235":{"start":{"line":471,"column":6},"end":{"line":471,"column":31}},"236":{"start":{"line":472,"column":6},"end":{"line":472,"column":31}},"237":{"start":{"line":473,"column":6},"end":{"line":473,"column":13}},"238":{"start":{"line":475,"column":21},"end":{"line":475,"column":39}},"239":{"start":{"line":476,"column":21},"end":{"line":476,"column":76}},"240":{"start":{"line":477,"column":22},"end":{"line":477,"column":78}},"241":{"start":{"line":478,"column":22},"end":{"line":478,"column":78}},"242":{"start":{"line":480,"column":4},"end":{"line":480,"column":45}},"243":{"start":{"line":481,"column":4},"end":{"line":481,"column":47}},"244":{"start":{"line":482,"column":4},"end":{"line":482,"column":47}},"245":{"start":{"line":20,"column":0},"end":{"line":20,"column":13}}},"fnMap":{"0":{"name":"(anonymous_0)","decl":{"start":{"line":31,"column":2},"end":{"line":31,"column":6}},"loc":{"start":{"line":31,"column":80},"end":{"line":34,"column":3}}},"1":{"name":"(anonymous_1)","decl":{"start":{"line":35,"column":2},"end":{"line":35,"column":6}},"loc":{"start":{"line":36,"column":82},"end":{"line":39,"column":3}}},"2":{"name":"(anonymous_2)","decl":{"start":{"line":45,"column":2},"end":{"line":45,"column":null}},"loc":{"start":{"line":48,"column":34},"end":{"line":70,"column":3}}},"3":{"name":"(anonymous_3)","decl":{"start":{"line":65,"column":6},"end":{"line":65,"column":9}},"loc":{"start":{"line":65,"column":12},"end":{"line":65,"column":25}}},"4":{"name":"(anonymous_4)","decl":{"start":{"line":66,"column":6},"end":{"line":66,"column":9}},"loc":{"start":{"line":66,"column":12},"end":{"line":66,"column":26}}},"5":{"name":"(anonymous_5)","decl":{"start":{"line":72,"column":2},"end":{"line":72,"column":7}},"loc":{"start":{"line":72,"column":12},"end":{"line":76,"column":3}}},"6":{"name":"(anonymous_6)","decl":{"start":{"line":80,"column":10},"end":{"line":80,"column":31}},"loc":{"start":{"line":80,"column":31},"end":{"line":88,"column":3}}},"7":{"name":"(anonymous_7)","decl":{"start":{"line":81,"column":58},"end":{"line":81,"column":59}},"loc":{"start":{"line":81,"column":85},"end":{"line":81,"column":98}}},"8":{"name":"(anonymous_8)","decl":{"start":{"line":90,"column":10},"end":{"line":90,"column":26}},"loc":{"start":{"line":90,"column":26},"end":{"line":92,"column":3}}},"9":{"name":"(anonymous_9)","decl":{"start":{"line":94,"column":10},"end":{"line":94,"column":15}},"loc":{"start":{"line":94,"column":26},"end":{"line":112,"column":3}}},"10":{"name":"(anonymous_10)","decl":{"start":{"line":114,"column":10},"end":{"line":114,"column":15}},"loc":{"start":{"line":114,"column":30},"end":{"line":157,"column":3}}},"11":{"name":"(anonymous_11)","decl":{"start":{"line":159,"column":10},"end":{"line":159,"column":32}},"loc":{"start":{"line":159,"column":61},"end":{"line":185,"column":3}}},"12":{"name":"(anonymous_12)","decl":{"start":{"line":187,"column":10},"end":{"line":187,"column":27}},"loc":{"start":{"line":187,"column":27},"end":{"line":189,"column":3}}},"13":{"name":"(anonymous_13)","decl":{"start":{"line":193,"column":40},"end":{"line":193,"column":45}},"loc":{"start":{"line":193,"column":94},"end":{"line":201,"column":3}}},"14":{"name":"(anonymous_14)","decl":{"start":{"line":203,"column":10},"end":{"line":203,"column":22}},"loc":{"start":{"line":203,"column":47},"end":{"line":218,"column":3}}},"15":{"name":"(anonymous_15)","decl":{"start":{"line":220,"column":10},"end":{"line":220,"column":15}},"loc":{"start":{"line":223,"column":41},"end":{"line":274,"column":3}}},"16":{"name":"(anonymous_16)","decl":{"start":{"line":276,"column":10},"end":{"line":276,"column":17}},"loc":{"start":{"line":276,"column":17},"end":{"line":278,"column":3}}},"17":{"name":"(anonymous_17)","decl":{"start":{"line":280,"column":10},"end":{"line":280,"column":24}},"loc":{"start":{"line":280,"column":24},"end":{"line":311,"column":3}}},"18":{"name":"(anonymous_18)","decl":{"start":{"line":315,"column":2},"end":{"line":315,"column":7}},"loc":{"start":{"line":315,"column":22},"end":{"line":317,"column":3}}},"19":{"name":"(anonymous_19)","decl":{"start":{"line":319,"column":10},"end":{"line":319,"column":28}},"loc":{"start":{"line":319,"column":63},"end":{"line":332,"column":3}}},"20":{"name":"(anonymous_20)","decl":{"start":{"line":336,"column":2},"end":{"line":336,"column":18}},"loc":{"start":{"line":336,"column":18},"end":{"line":338,"column":3}}},"21":{"name":"(anonymous_21)","decl":{"start":{"line":342,"column":2},"end":{"line":342,"column":6}},"loc":{"start":{"line":342,"column":67},"end":{"line":344,"column":3}}},"22":{"name":"(anonymous_22)","decl":{"start":{"line":346,"column":2},"end":{"line":346,"column":6}},"loc":{"start":{"line":346,"column":85},"end":{"line":348,"column":3}}},"23":{"name":"(anonymous_23)","decl":{"start":{"line":350,"column":2},"end":{"line":350,"column":6}},"loc":{"start":{"line":350,"column":71},"end":{"line":352,"column":3}}},"24":{"name":"(anonymous_24)","decl":{"start":{"line":354,"column":2},"end":{"line":354,"column":10}},"loc":{"start":{"line":354,"column":10},"end":{"line":356,"column":3}}},"25":{"name":"(anonymous_25)","decl":{"start":{"line":359,"column":2},"end":{"line":359,"column":10}},"loc":{"start":{"line":359,"column":10},"end":{"line":361,"column":3}}},"26":{"name":"(anonymous_26)","decl":{"start":{"line":363,"column":2},"end":{"line":363,"column":10}},"loc":{"start":{"line":363,"column":23},"end":{"line":367,"column":3}}},"27":{"name":"(anonymous_27)","decl":{"start":{"line":369,"column":2},"end":{"line":369,"column":14}},"loc":{"start":{"line":369,"column":14},"end":{"line":373,"column":3}}},"28":{"name":"(anonymous_28)","decl":{"start":{"line":375,"column":2},"end":{"line":375,"column":12}},"loc":{"start":{"line":375,"column":12},"end":{"line":377,"column":3}}},"29":{"name":"(anonymous_29)","decl":{"start":{"line":379,"column":10},"end":{"line":379,"column":43}},"loc":{"start":{"line":379,"column":43},"end":{"line":386,"column":3}}},"30":{"name":"(anonymous_30)","decl":{"start":{"line":388,"column":10},"end":{"line":388,"column":41}},"loc":{"start":{"line":388,"column":41},"end":{"line":395,"column":3}}},"31":{"name":"(anonymous_31)","decl":{"start":{"line":397,"column":2},"end":{"line":397,"column":21}},"loc":{"start":{"line":397,"column":21},"end":{"line":399,"column":3}}},"32":{"name":"(anonymous_32)","decl":{"start":{"line":401,"column":2},"end":{"line":401,"column":21}},"loc":{"start":{"line":401,"column":21},"end":{"line":428,"column":3}}},"33":{"name":"(anonymous_33)","decl":{"start":{"line":430,"column":2},"end":{"line":430,"column":17}},"loc":{"start":{"line":430,"column":34},"end":{"line":432,"column":3}}},"34":{"name":"(anonymous_34)","decl":{"start":{"line":434,"column":2},"end":{"line":434,"column":16}},"loc":{"start":{"line":434,"column":16},"end":{"line":436,"column":3}}},"35":{"name":"(anonymous_35)","decl":{"start":{"line":438,"column":2},"end":{"line":438,"column":7}},"loc":{"start":{"line":438,"column":18},"end":{"line":463,"column":3}}},"36":{"name":"(anonymous_36)","decl":{"start":{"line":467,"column":10},"end":{"line":467,"column":25}},"loc":{"start":{"line":467,"column":25},"end":{"line":483,"column":3}}}},"branchMap":{"0":{"loc":{"start":{"line":33,"column":4},"end":{"line":33,"column":48}},"type":"if","locations":[{"start":{"line":33,"column":4},"end":{"line":33,"column":48}},{"start":{},"end":{}}]},"1":{"loc":{"start":{"line":48,"column":12},"end":{"line":48,"column":34}},"type":"default-arg","locations":[{"start":{"line":48,"column":23},"end":{"line":48,"column":34}}]},"2":{"loc":{"start":{"line":50,"column":4},"end":{"line":53,"column":5}},"type":"if","locations":[{"start":{"line":50,"column":4},"end":{"line":53,"column":5}},{"start":{},"end":{}}]},"3":{"loc":{"start":{"line":62,"column":27},"end":{"line":62,"column":67}},"type":"binary-expr","locations":[{"start":{"line":62,"column":27},"end":{"line":62,"column":59}},{"start":{"line":62,"column":63},"end":{"line":62,"column":67}}]},"4":{"loc":{"start":{"line":82,"column":4},"end":{"line":85,"column":5}},"type":"if","locations":[{"start":{"line":82,"column":4},"end":{"line":85,"column":5}},{"start":{},"end":{}}]},"5":{"loc":{"start":{"line":119,"column":8},"end":{"line":121,"column":9}},"type":"if","locations":[{"start":{"line":119,"column":8},"end":{"line":121,"column":9}},{"start":{},"end":{}}]},"6":{"loc":{"start":{"line":125,"column":4},"end":{"line":128,"column":5}},"type":"if","locations":[{"start":{"line":125,"column":4},"end":{"line":128,"column":5}},{"start":{},"end":{}}]},"7":{"loc":{"start":{"line":133,"column":11},"end":{"line":133,"column":72}},"type":"binary-expr","locations":[{"start":{"line":133,"column":11},"end":{"line":133,"column":32}},{"start":{"line":133,"column":37},"end":{"line":133,"column":44}},{"start":{"line":133,"column":48},"end":{"line":133,"column":71}}]},"8":{"loc":{"start":{"line":137,"column":6},"end":{"line":139,"column":7}},"type":"if","locations":[{"start":{"line":137,"column":6},"end":{"line":139,"column":7}},{"start":{},"end":{}}]},"9":{"loc":{"start":{"line":145,"column":4},"end":{"line":148,"column":5}},"type":"if","locations":[{"start":{"line":145,"column":4},"end":{"line":148,"column":5}},{"start":{},"end":{}}]},"10":{"loc":{"start":{"line":145,"column":8},"end":{"line":145,"column":42}},"type":"binary-expr","locations":[{"start":{"line":145,"column":8},"end":{"line":145,"column":15}},{"start":{"line":145,"column":19},"end":{"line":145,"column":42}}]},"11":{"loc":{"start":{"line":162,"column":22},"end":{"line":162,"column":65}},"type":"cond-expr","locations":[{"start":{"line":162,"column":38},"end":{"line":162,"column":61}},{"start":{"line":162,"column":64},"end":{"line":162,"column":65}}]},"12":{"loc":{"start":{"line":168,"column":6},"end":{"line":170,"column":7}},"type":"if","locations":[{"start":{"line":168,"column":6},"end":{"line":170,"column":7}},{"start":{},"end":{}}]},"13":{"loc":{"start":{"line":172,"column":6},"end":{"line":174,"column":7}},"type":"if","locations":[{"start":{"line":172,"column":6},"end":{"line":174,"column":7}},{"start":{},"end":{}}]},"14":{"loc":{"start":{"line":172,"column":10},"end":{"line":172,"column":88}},"type":"binary-expr","locations":[{"start":{"line":172,"column":10},"end":{"line":172,"column":22}},{"start":{"line":172,"column":26},"end":{"line":172,"column":47}},{"start":{"line":172,"column":51},"end":{"line":172,"column":63}},{"start":{"line":172,"column":67},"end":{"line":172,"column":88}}]},"15":{"loc":{"start":{"line":177,"column":6},"end":{"line":179,"column":7}},"type":"if","locations":[{"start":{"line":177,"column":6},"end":{"line":179,"column":7}},{"start":{},"end":{}}]},"16":{"loc":{"start":{"line":177,"column":10},"end":{"line":177,"column":41}},"type":"binary-expr","locations":[{"start":{"line":177,"column":10},"end":{"line":177,"column":20}},{"start":{"line":177,"column":24},"end":{"line":177,"column":41}}]},"17":{"loc":{"start":{"line":194,"column":4},"end":{"line":196,"column":5}},"type":"if","locations":[{"start":{"line":194,"column":4},"end":{"line":196,"column":5}},{"start":{},"end":{}}]},"18":{"loc":{"start":{"line":198,"column":4},"end":{"line":200,"column":5}},"type":"if","locations":[{"start":{"line":198,"column":4},"end":{"line":200,"column":5}},{"start":{},"end":{}}]},"19":{"loc":{"start":{"line":204,"column":4},"end":{"line":206,"column":5}},"type":"if","locations":[{"start":{"line":204,"column":4},"end":{"line":206,"column":5}},{"start":{},"end":{}}]},"20":{"loc":{"start":{"line":207,"column":4},"end":{"line":210,"column":5}},"type":"if","locations":[{"start":{"line":207,"column":4},"end":{"line":210,"column":5}},{"start":{},"end":{}}]},"21":{"loc":{"start":{"line":207,"column":8},"end":{"line":207,"column":93}},"type":"binary-expr","locations":[{"start":{"line":207,"column":8},"end":{"line":207,"column":15}},{"start":{"line":207,"column":19},"end":{"line":207,"column":46}},{"start":{"line":207,"column":50},"end":{"line":207,"column":57}},{"start":{"line":207,"column":61},"end":{"line":207,"column":93}}]},"22":{"loc":{"start":{"line":213,"column":4},"end":{"line":215,"column":5}},"type":"if","locations":[{"start":{"line":213,"column":4},"end":{"line":215,"column":5}},{"start":{},"end":{}}]},"23":{"loc":{"start":{"line":217,"column":11},"end":{"line":217,"column":78}},"type":"binary-expr","locations":[{"start":{"line":217,"column":11},"end":{"line":217,"column":41}},{"start":{"line":217,"column":45},"end":{"line":217,"column":78}}]},"24":{"loc":{"start":{"line":226,"column":4},"end":{"line":229,"column":5}},"type":"if","locations":[{"start":{"line":226,"column":4},"end":{"line":229,"column":5}},{"start":{},"end":{}}]},"25":{"loc":{"start":{"line":232,"column":4},"end":{"line":234,"column":5}},"type":"if","locations":[{"start":{"line":232,"column":4},"end":{"line":234,"column":5}},{"start":{},"end":{}}]},"26":{"loc":{"start":{"line":236,"column":27},"end":{"line":236,"column":66}},"type":"binary-expr","locations":[{"start":{"line":236,"column":27},"end":{"line":236,"column":40}},{"start":{"line":236,"column":44},"end":{"line":236,"column":66}}]},"27":{"loc":{"start":{"line":242,"column":6},"end":{"line":260,"column":7}},"type":"if","locations":[{"start":{"line":242,"column":6},"end":{"line":260,"column":7}},{"start":{},"end":{}}]},"28":{"loc":{"start":{"line":247,"column":27},"end":{"line":247,"column":49}},"type":"binary-expr","locations":[{"start":{"line":247,"column":27},"end":{"line":247,"column":38}},{"start":{"line":247,"column":42},"end":{"line":247,"column":49}}]},"29":{"loc":{"start":{"line":248,"column":26},"end":{"line":248,"column":50}},"type":"binary-expr","locations":[{"start":{"line":248,"column":26},"end":{"line":248,"column":36}},{"start":{"line":248,"column":41},"end":{"line":248,"column":50}}]},"30":{"loc":{"start":{"line":249,"column":10},"end":{"line":257,"column":11}},"type":"if","locations":[{"start":{"line":249,"column":10},"end":{"line":257,"column":11}},{"start":{"line":253,"column":17},"end":{"line":257,"column":11}}]},"31":{"loc":{"start":{"line":283,"column":4},"end":{"line":286,"column":5}},"type":"if","locations":[{"start":{"line":283,"column":4},"end":{"line":286,"column":5}},{"start":{},"end":{}}]},"32":{"loc":{"start":{"line":283,"column":8},"end":{"line":283,"column":44}},"type":"binary-expr","locations":[{"start":{"line":283,"column":8},"end":{"line":283,"column":31}},{"start":{"line":283,"column":35},"end":{"line":283,"column":44}}]},"33":{"loc":{"start":{"line":287,"column":4},"end":{"line":290,"column":5}},"type":"if","locations":[{"start":{"line":287,"column":4},"end":{"line":290,"column":5}},{"start":{},"end":{}}]},"34":{"loc":{"start":{"line":287,"column":8},"end":{"line":287,"column":44}},"type":"binary-expr","locations":[{"start":{"line":287,"column":8},"end":{"line":287,"column":31}},{"start":{"line":287,"column":35},"end":{"line":287,"column":44}}]},"35":{"loc":{"start":{"line":295,"column":4},"end":{"line":308,"column":5}},"type":"if","locations":[{"start":{"line":295,"column":4},"end":{"line":308,"column":5}},{"start":{},"end":{}}]},"36":{"loc":{"start":{"line":298,"column":6},"end":{"line":303,"column":7}},"type":"if","locations":[{"start":{"line":298,"column":6},"end":{"line":303,"column":7}},{"start":{},"end":{}}]},"37":{"loc":{"start":{"line":298,"column":10},"end":{"line":298,"column":45}},"type":"binary-expr","locations":[{"start":{"line":298,"column":10},"end":{"line":298,"column":32}},{"start":{"line":298,"column":36},"end":{"line":298,"column":45}}]},"38":{"loc":{"start":{"line":304,"column":6},"end":{"line":307,"column":7}},"type":"if","locations":[{"start":{"line":304,"column":6},"end":{"line":307,"column":7}},{"start":{},"end":{}}]},"39":{"loc":{"start":{"line":304,"column":10},"end":{"line":304,"column":46}},"type":"binary-expr","locations":[{"start":{"line":304,"column":10},"end":{"line":304,"column":33}},{"start":{"line":304,"column":37},"end":{"line":304,"column":46}}]},"40":{"loc":{"start":{"line":320,"column":4},"end":{"line":331,"column":5}},"type":"switch","locations":[{"start":{"line":321,"column":6},"end":{"line":322,"column":58}},{"start":{"line":323,"column":6},"end":{"line":324,"column":58}},{"start":{"line":325,"column":6},"end":{"line":326,"column":58}},{"start":{"line":327,"column":6},"end":{"line":328,"column":58}},{"start":{"line":329,"column":6},"end":{"line":330,"column":25}}]},"41":{"loc":{"start":{"line":402,"column":20},"end":{"line":402,"column":62}},"type":"binary-expr","locations":[{"start":{"line":402,"column":20},"end":{"line":402,"column":54}},{"start":{"line":402,"column":58},"end":{"line":402,"column":62}}]},"42":{"loc":{"start":{"line":403,"column":17},"end":{"line":403,"column":74}},"type":"cond-expr","locations":[{"start":{"line":403,"column":60},"end":{"line":403,"column":67}},{"start":{"line":403,"column":70},"end":{"line":403,"column":74}}]},"43":{"loc":{"start":{"line":403,"column":17},"end":{"line":403,"column":57}},"type":"binary-expr","locations":[{"start":{"line":403,"column":17},"end":{"line":403,"column":41}},{"start":{"line":403,"column":45},"end":{"line":403,"column":57}}]},"44":{"loc":{"start":{"line":409,"column":4},"end":{"line":411,"column":5}},"type":"if","locations":[{"start":{"line":409,"column":4},"end":{"line":411,"column":5}},{"start":{},"end":{}}]},"45":{"loc":{"start":{"line":409,"column":8},"end":{"line":409,"column":36}},"type":"binary-expr","locations":[{"start":{"line":409,"column":8},"end":{"line":409,"column":13}},{"start":{"line":409,"column":17},"end":{"line":409,"column":36}}]},"46":{"loc":{"start":{"line":414,"column":20},"end":{"line":414,"column":62}},"type":"binary-expr","locations":[{"start":{"line":414,"column":20},"end":{"line":414,"column":57}},{"start":{"line":414,"column":61},"end":{"line":414,"column":62}}]},"47":{"loc":{"start":{"line":415,"column":21},"end":{"line":415,"column":50}},"type":"binary-expr","locations":[{"start":{"line":415,"column":21},"end":{"line":415,"column":45}},{"start":{"line":415,"column":49},"end":{"line":415,"column":50}}]},"48":{"loc":{"start":{"line":416,"column":17},"end":{"line":416,"column":70}},"type":"cond-expr","locations":[{"start":{"line":416,"column":59},"end":{"line":416,"column":66}},{"start":{"line":416,"column":69},"end":{"line":416,"column":70}}]},"49":{"loc":{"start":{"line":416,"column":17},"end":{"line":416,"column":56}},"type":"binary-expr","locations":[{"start":{"line":416,"column":17},"end":{"line":416,"column":41}},{"start":{"line":416,"column":45},"end":{"line":416,"column":56}}]},"50":{"loc":{"start":{"line":417,"column":18},"end":{"line":417,"column":75}},"type":"cond-expr","locations":[{"start":{"line":417,"column":63},"end":{"line":417,"column":71}},{"start":{"line":417,"column":74},"end":{"line":417,"column":75}}]},"51":{"loc":{"start":{"line":417,"column":18},"end":{"line":417,"column":60}},"type":"binary-expr","locations":[{"start":{"line":417,"column":18},"end":{"line":417,"column":43}},{"start":{"line":417,"column":47},"end":{"line":417,"column":60}}]},"52":{"loc":{"start":{"line":421,"column":25},"end":{"line":421,"column":88}},"type":"cond-expr","locations":[{"start":{"line":421,"column":72},"end":{"line":421,"column":81}},{"start":{"line":421,"column":84},"end":{"line":421,"column":88}}]},"53":{"loc":{"start":{"line":421,"column":25},"end":{"line":421,"column":69}},"type":"binary-expr","locations":[{"start":{"line":421,"column":25},"end":{"line":421,"column":51}},{"start":{"line":421,"column":55},"end":{"line":421,"column":69}}]},"54":{"loc":{"start":{"line":440,"column":31},"end":{"line":440,"column":62}},"type":"binary-expr","locations":[{"start":{"line":440,"column":31},"end":{"line":440,"column":57}},{"start":{"line":440,"column":61},"end":{"line":440,"column":62}}]},"55":{"loc":{"start":{"line":446,"column":8},"end":{"line":450,"column":9}},"type":"if","locations":[{"start":{"line":446,"column":8},"end":{"line":450,"column":9}},{"start":{},"end":{}}]},"56":{"loc":{"start":{"line":446,"column":12},"end":{"line":446,"column":57}},"type":"binary-expr","locations":[{"start":{"line":446,"column":12},"end":{"line":446,"column":30}},{"start":{"line":446,"column":34},"end":{"line":446,"column":57}}]},"57":{"loc":{"start":{"line":469,"column":4},"end":{"line":474,"column":5}},"type":"if","locations":[{"start":{"line":469,"column":4},"end":{"line":474,"column":5}},{"start":{},"end":{}}]}},"s":{"0":0,"1":0,"2":0,"3":0,"4":0,"5":0,"6":0,"7":0,"8":0,"9":0,"10":0,"11":0,"12":0,"13":0,"14":0,"15":0,"16":0,"17":0,"18":0,"19":0,"20":0,"21":0,"22":0,"23":0,"24":0,"25":0,"26":0,"27":0,"28":0,"29":0,"30":0,"31":0,"32":0,"33":0,"34":0,"35":0,"36":0,"37":0,"38":0,"39":0,"40":0,"41":0,"42":0,"43":0,"44":0,"45":0,"46":0,"47":0,"48":0,"49":0,"50":0,"51":0,"52":0,"53":0,"54":0,"55":0,"56":0,"57":0,"58":0,"59":0,"60":0,"61":0,"62":0,"63":0,"64":0,"65":0,"66":0,"67":0,"68":0,"69":0,"70":0,"71":0,"72":0,"73":0,"74":0,"75":0,"76":0,"77":0,"78":0,"79":0,"80":0,"81":0,"82":0,"83":0,"84":0,"85":0,"86":0,"87":0,"88":0,"89":0,"90":0,"91":0,"92":0,"93":0,"94":0,"95":0,"96":0,"97":0,"98":0,"99":0,"100":0,"101":0,"102":0,"103":0,"104":0,"105":0,"106":0,"107":0,"108":0,"109":0,"110":0,"111":0,"112":0,"113":0,"114":0,"115":0,"116":0,"117":0,"118":0,"119":0,"120":0,"121":0,"122":0,"123":0,"124":0,"125":0,"126":0,"127":0,"128":0,"129":0,"130":0,"131":0,"132":0,"133":0,"134":0,"135":0,"136":0,"137":0,"138":0,"139":0,"140":0,"141":0,"142":0,"143":0,"144":0,"145":0,"146":0,"147":0,"148":0,"149":0,"150":0,"151":0,"152":0,"153":0,"154":0,"155":0,"156":0,"157":0,"158":0,"159":0,"160":0,"161":0,"162":0,"163":0,"164":0,"165":0,"166":0,"167":0,"168":0,"169":0,"170":0,"171":0,"172":0,"173":0,"174":0,"175":0,"176":0,"177":0,"178":0,"179":0,"180":0,"181":0,"182":0,"183":0,"184":0,"185":0,"186":0,"187":0,"188":0,"189":0,"190":0,"191":0,"192":0,"193":0,"194":0,"195":0,"196":0,"197":0,"198":0,"199":0,"200":0,"201":0,"202":0,"203":0,"204":0,"205":0,"206":0,"207":0,"208":0,"209":0,"210":0,"211":0,"212":0,"213":0,"214":0,"215":0,"216":0,"217":0,"218":0,"219":0,"220":0,"221":0,"222":0,"223":0,"224":0,"225":0,"226":0,"227":0,"228":0,"229":0,"230":0,"231":0,"232":0,"233":0,"234":0,"235":0,"236":0,"237":0,"238":0,"239":0,"240":0,"241":0,"242":0,"243":0,"244":0,"245":0},"f":{"0":0,"1":0,"2":0,"3":0,"4":0,"5":0,"6":0,"7":0,"8":0,"9":0,"10":0,"11":0,"12":0,"13":0,"14":0,"15":0,"16":0,"17":0,"18":0,"19":0,"20":0,"21":0,"22":0,"23":0,"24":0,"25":0,"26":0,"27":0,"28":0,"29":0,"30":0,"31":0,"32":0,"33":0,"34":0,"35":0,"36":0},"b":{"0":[0,0],"1":[0],"2":[0,0],"3":[0,0],"4":[0,0],"5":[0,0],"6":[0,0],"7":[0,0,0],"8":[0,0],"9":[0,0],"10":[0,0],"11":[0,0],"12":[0,0],"13":[0,0],"14":[0,0,0,0],"15":[0,0],"16":[0,0],"17":[0,0],"18":[0,0],"19":[0,0],"20":[0,0],"21":[0,0,0,0],"22":[0,0],"23":[0,0],"24":[0,0],"25":[0,0],"26":[0,0],"27":[0,0],"28":[0,0],"29":[0,0],"30":[0,0],"31":[0,0],"32":[0,0],"33":[0,0],"34":[0,0],"35":[0,0],"36":[0,0],"37":[0,0],"38":[0,0],"39":[0,0],"40":[0,0,0,0,0],"41":[0,0],"42":[0,0],"43":[0,0],"44":[0,0],"45":[0,0],"46":[0,0],"47":[0,0],"48":[0,0],"49":[0,0],"50":[0,0],"51":[0,0],"52":[0,0],"53":[0,0],"54":[0,0],"55":[0,0],"56":[0,0],"57":[0,0]}}
,"D:\\Dev\\pipe-mania\\src\\core\\controller\\ScoreController.ts": {"path":"D:\\Dev\\pipe-mania\\src\\core\\controller\\ScoreController.ts","statementMap":{"0":{"start":{"line":2,"column":0},"end":{"line":2,"column":35}},"1":{"start":{"line":4,"column":0},"end":{"line":4,"column":63}},"2":{"start":{"line":29,"column":26},"end":{"line":29,"column":27}},"3":{"start":{"line":30,"column":50},"end":{"line":30,"column":59}},"4":{"start":{"line":31,"column":40},"end":{"line":31,"column":41}},"5":{"start":{"line":32,"column":32},"end":{"line":32,"column":37}},"6":{"start":{"line":38,"column":4},"end":{"line":38,"column":48}},"7":{"start":{"line":39,"column":4},"end":{"line":39,"column":56}},"8":{"start":{"line":41,"column":4},"end":{"line":41,"column":30}},"9":{"start":{"line":42,"column":4},"end":{"line":42,"column":56}},"10":{"start":{"line":46,"column":4},"end":{"line":46,"column":34}},"11":{"start":{"line":47,"column":4},"end":{"line":49,"column":5}},"12":{"start":{"line":48,"column":6},"end":{"line":48,"column":27}},"13":{"start":{"line":53,"column":4},"end":{"line":53,"column":33}},"14":{"start":{"line":57,"column":4},"end":{"line":57,"column":41}},"15":{"start":{"line":58,"column":4},"end":{"line":60,"column":5}},"16":{"start":{"line":59,"column":6},"end":{"line":59,"column":41}},"17":{"start":{"line":64,"column":4},"end":{"line":64,"column":22}},"18":{"start":{"line":68,"column":4},"end":{"line":68,"column":19}},"19":{"start":{"line":69,"column":4},"end":{"line":69,"column":27}},"20":{"start":{"line":73,"column":4},"end":{"line":73,"column":33}},"21":{"start":{"line":77,"column":4},"end":{"line":80,"column":5}},"22":{"start":{"line":78,"column":6},"end":{"line":78,"column":67}},"23":{"start":{"line":79,"column":6},"end":{"line":79,"column":13}},"24":{"start":{"line":81,"column":17},"end":{"line":81,"column":48}},"25":{"start":{"line":82,"column":4},"end":{"line":84,"column":5}},"26":{"start":{"line":83,"column":6},"end":{"line":83,"column":13}},"27":{"start":{"line":85,"column":4},"end":{"line":85,"column":33}},"28":{"start":{"line":86,"column":4},"end":{"line":86,"column":52}},"29":{"start":{"line":89,"column":4},"end":{"line":91,"column":5}},"30":{"start":{"line":90,"column":6},"end":{"line":90,"column":13}},"31":{"start":{"line":92,"column":4},"end":{"line":92,"column":82}},"32":{"start":{"line":96,"column":4},"end":{"line":96,"column":27}},"33":{"start":{"line":97,"column":4},"end":{"line":97,"column":34}},"34":{"start":{"line":98,"column":4},"end":{"line":98,"column":33}},"35":{"start":{"line":99,"column":4},"end":{"line":99,"column":52}},"36":{"start":{"line":103,"column":4},"end":{"line":103,"column":64}},"37":{"start":{"line":104,"column":4},"end":{"line":106,"column":5}},"38":{"start":{"line":105,"column":6},"end":{"line":105,"column":13}},"39":{"start":{"line":108,"column":16},"end":{"line":108,"column":39}},"40":{"start":{"line":109,"column":26},"end":{"line":109,"column":61}},"41":{"start":{"line":110,"column":22},"end":{"line":110,"column":49}},"42":{"start":{"line":111,"column":4},"end":{"line":113,"column":5}},"43":{"start":{"line":112,"column":6},"end":{"line":112,"column":13}},"44":{"start":{"line":115,"column":4},"end":{"line":115,"column":54}},"45":{"start":{"line":116,"column":4},"end":{"line":116,"column":34}},"46":{"start":{"line":117,"column":4},"end":{"line":117,"column":74}},"47":{"start":{"line":118,"column":4},"end":{"line":118,"column":52}},"48":{"start":{"line":122,"column":4},"end":{"line":124,"column":5}},"49":{"start":{"line":123,"column":6},"end":{"line":123,"column":13}},"50":{"start":{"line":126,"column":4},"end":{"line":126,"column":28}},"51":{"start":{"line":127,"column":27},"end":{"line":127,"column":51}},"52":{"start":{"line":128,"column":25},"end":{"line":128,"column":64}},"53":{"start":{"line":129,"column":4},"end":{"line":129,"column":42}},"54":{"start":{"line":130,"column":4},"end":{"line":130,"column":34}},"55":{"start":{"line":131,"column":4},"end":{"line":131,"column":33}},"56":{"start":{"line":133,"column":4},"end":{"line":143,"column":5}},"57":{"start":{"line":134,"column":6},"end":{"line":134,"column":51}},"58":{"start":{"line":135,"column":11},"end":{"line":143,"column":5}},"59":{"start":{"line":136,"column":6},"end":{"line":138,"column":8}},"60":{"start":{"line":140,"column":6},"end":{"line":142,"column":8}},"61":{"start":{"line":145,"column":4},"end":{"line":150,"column":7}},"62":{"start":{"line":154,"column":4},"end":{"line":154,"column":37}},"63":{"start":{"line":155,"column":4},"end":{"line":155,"column":45}},"64":{"start":{"line":159,"column":4},"end":{"line":159,"column":34}},"65":{"start":{"line":163,"column":21},"end":{"line":163,"column":31}},"66":{"start":{"line":164,"column":15},"end":{"line":164,"column":31}},"67":{"start":{"line":165,"column":4},"end":{"line":167,"column":5}},"68":{"start":{"line":166,"column":6},"end":{"line":166,"column":15}},"69":{"start":{"line":169,"column":4},"end":{"line":172,"column":5}},"70":{"start":{"line":170,"column":6},"end":{"line":170,"column":71}},"71":{"start":{"line":171,"column":6},"end":{"line":171,"column":13}},"72":{"start":{"line":174,"column":4},"end":{"line":174,"column":22}},"73":{"start":{"line":175,"column":4},"end":{"line":175,"column":70}},"74":{"start":{"line":176,"column":4},"end":{"line":176,"column":27}},"75":{"start":{"line":180,"column":4},"end":{"line":180,"column":42}},"76":{"start":{"line":184,"column":4},"end":{"line":184,"column":27}},"77":{"start":{"line":24,"column":0},"end":{"line":24,"column":13}}},"fnMap":{"0":{"name":"(anonymous_0)","decl":{"start":{"line":37,"column":2},"end":{"line":37,"column":14}},"loc":{"start":{"line":37,"column":55},"end":{"line":43,"column":3}}},"1":{"name":"(anonymous_1)","decl":{"start":{"line":45,"column":2},"end":{"line":45,"column":6}},"loc":{"start":{"line":45,"column":55},"end":{"line":50,"column":3}}},"2":{"name":"(anonymous_2)","decl":{"start":{"line":52,"column":2},"end":{"line":52,"column":6}},"loc":{"start":{"line":52,"column":65},"end":{"line":54,"column":3}}},"3":{"name":"(anonymous_3)","decl":{"start":{"line":56,"column":2},"end":{"line":56,"column":6}},"loc":{"start":{"line":56,"column":63},"end":{"line":61,"column":3}}},"4":{"name":"(anonymous_4)","decl":{"start":{"line":63,"column":2},"end":{"line":63,"column":10}},"loc":{"start":{"line":63,"column":10},"end":{"line":65,"column":3}}},"5":{"name":"(anonymous_5)","decl":{"start":{"line":67,"column":2},"end":{"line":67,"column":12}},"loc":{"start":{"line":67,"column":12},"end":{"line":70,"column":3}}},"6":{"name":"(anonymous_6)","decl":{"start":{"line":72,"column":2},"end":{"line":72,"column":21}},"loc":{"start":{"line":72,"column":21},"end":{"line":74,"column":3}}},"7":{"name":"(anonymous_7)","decl":{"start":{"line":76,"column":2},"end":{"line":76,"column":21}},"loc":{"start":{"line":76,"column":36},"end":{"line":87,"column":3}}},"8":{"name":"(anonymous_8)","decl":{"start":{"line":88,"column":2},"end":{"line":88,"column":21}},"loc":{"start":{"line":88,"column":51},"end":{"line":93,"column":3}}},"9":{"name":"(anonymous_9)","decl":{"start":{"line":95,"column":2},"end":{"line":95,"column":11}},"loc":{"start":{"line":95,"column":11},"end":{"line":100,"column":3}}},"10":{"name":"(anonymous_10)","decl":{"start":{"line":102,"column":2},"end":{"line":102,"column":18}},"loc":{"start":{"line":102,"column":50},"end":{"line":119,"column":3}}},"11":{"name":"(anonymous_11)","decl":{"start":{"line":121,"column":2},"end":{"line":121,"column":14}},"loc":{"start":{"line":121,"column":44},"end":{"line":151,"column":3}}},"12":{"name":"(anonymous_12)","decl":{"start":{"line":153,"column":10},"end":{"line":153,"column":25}},"loc":{"start":{"line":153,"column":25},"end":{"line":156,"column":3}}},"13":{"name":"(anonymous_13)","decl":{"start":{"line":158,"column":10},"end":{"line":158,"column":26}},"loc":{"start":{"line":158,"column":41},"end":{"line":160,"column":3}}},"14":{"name":"(anonymous_14)","decl":{"start":{"line":162,"column":10},"end":{"line":162,"column":25}},"loc":{"start":{"line":162,"column":56},"end":{"line":177,"column":3}}},"15":{"name":"(anonymous_15)","decl":{"start":{"line":179,"column":10},"end":{"line":179,"column":26}},"loc":{"start":{"line":179,"column":43},"end":{"line":181,"column":3}}},"16":{"name":"(anonymous_16)","decl":{"start":{"line":183,"column":10},"end":{"line":183,"column":22}},"loc":{"start":{"line":183,"column":51},"end":{"line":185,"column":3}}}},"branchMap":{"0":{"loc":{"start":{"line":47,"column":4},"end":{"line":49,"column":5}},"type":"if","locations":[{"start":{"line":47,"column":4},"end":{"line":49,"column":5}},{"start":{},"end":{}}]},"1":{"loc":{"start":{"line":58,"column":4},"end":{"line":60,"column":5}},"type":"if","locations":[{"start":{"line":58,"column":4},"end":{"line":60,"column":5}},{"start":{},"end":{}}]},"2":{"loc":{"start":{"line":77,"column":4},"end":{"line":80,"column":5}},"type":"if","locations":[{"start":{"line":77,"column":4},"end":{"line":80,"column":5}},{"start":{},"end":{}}]},"3":{"loc":{"start":{"line":82,"column":4},"end":{"line":84,"column":5}},"type":"if","locations":[{"start":{"line":82,"column":4},"end":{"line":84,"column":5}},{"start":{},"end":{}}]},"4":{"loc":{"start":{"line":89,"column":4},"end":{"line":91,"column":5}},"type":"if","locations":[{"start":{"line":89,"column":4},"end":{"line":91,"column":5}},{"start":{},"end":{}}]},"5":{"loc":{"start":{"line":104,"column":4},"end":{"line":106,"column":5}},"type":"if","locations":[{"start":{"line":104,"column":4},"end":{"line":106,"column":5}},{"start":{},"end":{}}]},"6":{"loc":{"start":{"line":109,"column":26},"end":{"line":109,"column":61}},"type":"binary-expr","locations":[{"start":{"line":109,"column":26},"end":{"line":109,"column":56}},{"start":{"line":109,"column":60},"end":{"line":109,"column":61}}]},"7":{"loc":{"start":{"line":111,"column":4},"end":{"line":113,"column":5}},"type":"if","locations":[{"start":{"line":111,"column":4},"end":{"line":113,"column":5}},{"start":{},"end":{}}]},"8":{"loc":{"start":{"line":122,"column":4},"end":{"line":124,"column":5}},"type":"if","locations":[{"start":{"line":122,"column":4},"end":{"line":124,"column":5}},{"start":{},"end":{}}]},"9":{"loc":{"start":{"line":133,"column":4},"end":{"line":143,"column":5}},"type":"if","locations":[{"start":{"line":133,"column":4},"end":{"line":143,"column":5}},{"start":{"line":135,"column":11},"end":{"line":143,"column":5}}]},"10":{"loc":{"start":{"line":135,"column":11},"end":{"line":143,"column":5}},"type":"if","locations":[{"start":{"line":135,"column":11},"end":{"line":143,"column":5}},{"start":{"line":139,"column":11},"end":{"line":143,"column":5}}]},"11":{"loc":{"start":{"line":165,"column":4},"end":{"line":167,"column":5}},"type":"if","locations":[{"start":{"line":165,"column":4},"end":{"line":167,"column":5}},{"start":{},"end":{}}]},"12":{"loc":{"start":{"line":165,"column":8},"end":{"line":165,"column":44}},"type":"binary-expr","locations":[{"start":{"line":165,"column":8},"end":{"line":165,"column":32}},{"start":{"line":165,"column":36},"end":{"line":165,"column":44}}]},"13":{"loc":{"start":{"line":169,"column":4},"end":{"line":172,"column":5}},"type":"if","locations":[{"start":{"line":169,"column":4},"end":{"line":172,"column":5}},{"start":{},"end":{}}]}},"s":{"0":2,"1":2,"2":38,"3":38,"4":38,"5":38,"6":38,"7":38,"8":38,"9":38,"10":3,"11":3,"12":3,"13":7,"14":4,"15":4,"16":4,"17":12,"18":2,"19":2,"20":5,"21":7,"22":1,"23":1,"24":6,"25":6,"26":1,"27":5,"28":5,"29":4,"30":1,"31":3,"32":24,"33":24,"34":24,"35":24,"36":23,"37":23,"38":1,"39":22,"40":22,"41":22,"42":22,"43":2,"44":20,"45":20,"46":20,"47":20,"48":15,"49":1,"50":14,"51":14,"52":14,"53":14,"54":14,"55":14,"56":14,"57":2,"58":12,"59":4,"60":8,"61":14,"62":24,"63":24,"64":22,"65":23,"66":23,"67":23,"68":1,"69":23,"70":1,"71":1,"72":22,"73":22,"74":22,"75":63,"76":22,"77":2},"f":{"0":38,"1":3,"2":7,"3":4,"4":12,"5":2,"6":5,"7":7,"8":4,"9":24,"10":23,"11":15,"12":24,"13":22,"14":23,"15":63,"16":22},"b":{"0":[3,0],"1":[4,0],"2":[1,6],"3":[1,5],"4":[1,3],"5":[1,22],"6":[22,19],"7":[2,20],"8":[1,14],"9":[2,12],"10":[4,8],"11":[1,22],"12":[23,21],"13":[1,22]}}
,"D:\\Dev\\pipe-mania\\src\\core\\controller\\WaterFlowController.ts": {"path":"D:\\Dev\\pipe-mania\\src\\core\\controller\\WaterFlowController.ts","statementMap":{"0":{"start":{"line":1,"column":0},"end":{"line":1,"column":35}},"1":{"start":{"line":2,"column":0},"end":{"line":2,"column":45}},"2":{"start":{"line":3,"column":0},"end":{"line":3,"column":47}},"3":{"start":{"line":7,"column":0},"end":{"line":7,"column":62}},"4":{"start":{"line":12,"column":22},"end":{"line":12,"column":27}},"5":{"start":{"line":14,"column":56},"end":{"line":14,"column":65}},"6":{"start":{"line":17,"column":21},"end":{"line":17,"column":35}},"7":{"start":{"line":18,"column":21},"end":{"line":18,"column":53}},"8":{"start":{"line":19,"column":21},"end":{"line":19,"column":67}},"9":{"start":{"line":20,"column":21},"end":{"line":20,"column":43}},"10":{"start":{"line":21,"column":21},"end":{"line":21,"column":53}},"11":{"start":{"line":25,"column":4},"end":{"line":27,"column":5}},"12":{"start":{"line":26,"column":6},"end":{"line":26,"column":13}},"13":{"start":{"line":28,"column":22},"end":{"line":28,"column":41}},"14":{"start":{"line":29,"column":4},"end":{"line":32,"column":5}},"15":{"start":{"line":30,"column":6},"end":{"line":30,"column":44}},"16":{"start":{"line":31,"column":6},"end":{"line":31,"column":13}},"17":{"start":{"line":34,"column":4},"end":{"line":34,"column":26}},"18":{"start":{"line":35,"column":4},"end":{"line":35,"column":29}},"19":{"start":{"line":36,"column":4},"end":{"line":36,"column":37}},"20":{"start":{"line":38,"column":21},"end":{"line":38,"column":39}},"21":{"start":{"line":39,"column":46},"end":{"line":39,"column":62}},"22":{"start":{"line":40,"column":36},"end":{"line":40,"column":45}},"23":{"start":{"line":41,"column":51},"end":{"line":41,"column":63}},"24":{"start":{"line":44,"column":4},"end":{"line":93,"column":5}},"25":{"start":{"line":45,"column":20},"end":{"line":45,"column":56}},"26":{"start":{"line":46,"column":6},"end":{"line":50,"column":7}},"27":{"start":{"line":47,"column":8},"end":{"line":47,"column":53}},"28":{"start":{"line":48,"column":8},"end":{"line":48,"column":42}},"29":{"start":{"line":49,"column":8},"end":{"line":49,"column":14}},"30":{"start":{"line":52,"column":22},"end":{"line":52,"column":41}},"31":{"start":{"line":53,"column":25},"end":{"line":53,"column":72}},"32":{"start":{"line":55,"column":19},"end":{"line":55,"column":96}},"33":{"start":{"line":56,"column":6},"end":{"line":60,"column":7}},"34":{"start":{"line":57,"column":8},"end":{"line":57,"column":54}},"35":{"start":{"line":58,"column":8},"end":{"line":58,"column":37}},"36":{"start":{"line":59,"column":8},"end":{"line":59,"column":14}},"37":{"start":{"line":62,"column":6},"end":{"line":62,"column":75}},"38":{"start":{"line":64,"column":6},"end":{"line":67,"column":7}},"39":{"start":{"line":65,"column":8},"end":{"line":65,"column":41}},"40":{"start":{"line":66,"column":8},"end":{"line":66,"column":14}},"41":{"start":{"line":69,"column":6},"end":{"line":69,"column":27}},"42":{"start":{"line":70,"column":6},"end":{"line":70,"column":48}},"43":{"start":{"line":72,"column":6},"end":{"line":74,"column":7}},"44":{"start":{"line":73,"column":8},"end":{"line":73,"column":83}},"45":{"start":{"line":76,"column":19},"end":{"line":76,"column":57}},"46":{"start":{"line":77,"column":6},"end":{"line":81,"column":7}},"47":{"start":{"line":78,"column":8},"end":{"line":78,"column":62}},"48":{"start":{"line":79,"column":8},"end":{"line":79,"column":42}},"49":{"start":{"line":80,"column":8},"end":{"line":80,"column":14}},"50":{"start":{"line":83,"column":24},"end":{"line":83,"column":54}},"51":{"start":{"line":84,"column":26},"end":{"line":84,"column":48}},"52":{"start":{"line":85,"column":6},"end":{"line":89,"column":7}},"53":{"start":{"line":86,"column":8},"end":{"line":86,"column":63}},"54":{"start":{"line":87,"column":8},"end":{"line":87,"column":43}},"55":{"start":{"line":88,"column":8},"end":{"line":88,"column":14}},"56":{"start":{"line":91,"column":6},"end":{"line":91,"column":21}},"57":{"start":{"line":92,"column":6},"end":{"line":92,"column":29}},"58":{"start":{"line":95,"column":4},"end":{"line":98,"column":5}},"59":{"start":{"line":96,"column":6},"end":{"line":96,"column":54}},"60":{"start":{"line":97,"column":6},"end":{"line":97,"column":44}},"61":{"start":{"line":100,"column":4},"end":{"line":100,"column":27}},"62":{"start":{"line":101,"column":4},"end":{"line":101,"column":57}},"63":{"start":{"line":105,"column":4},"end":{"line":105,"column":27}},"64":{"start":{"line":115,"column":18},"end":{"line":115,"column":37}},"65":{"start":{"line":116,"column":21},"end":{"line":116,"column":42}},"66":{"start":{"line":119,"column":4},"end":{"line":121,"column":5}},"67":{"start":{"line":120,"column":6},"end":{"line":120,"column":22}},"68":{"start":{"line":123,"column":4},"end":{"line":125,"column":5}},"69":{"start":{"line":124,"column":6},"end":{"line":124,"column":23}},"70":{"start":{"line":128,"column":4},"end":{"line":137,"column":5}},"71":{"start":{"line":129,"column":22},"end":{"line":129,"column":44}},"72":{"start":{"line":130,"column":6},"end":{"line":132,"column":7}},"73":{"start":{"line":131,"column":8},"end":{"line":131,"column":23}},"74":{"start":{"line":133,"column":24},"end":{"line":134,"column":null}},"75":{"start":{"line":134,"column":15},"end":{"line":134,"column":74}},"76":{"start":{"line":136,"column":6},"end":{"line":136,"column":34}},"77":{"start":{"line":140,"column":22},"end":{"line":140,"column":81}},"78":{"start":{"line":140,"column":40},"end":{"line":140,"column":80}},"79":{"start":{"line":141,"column":4},"end":{"line":141,"column":72}},"80":{"start":{"line":141,"column":42},"end":{"line":141,"column":58}},"81":{"start":{"line":145,"column":4},"end":{"line":147,"column":5}},"82":{"start":{"line":146,"column":6},"end":{"line":146,"column":19}},"83":{"start":{"line":148,"column":18},"end":{"line":148,"column":54}},"84":{"start":{"line":149,"column":4},"end":{"line":149,"column":36}},"85":{"start":{"line":153,"column":4},"end":{"line":164,"column":5}},"86":{"start":{"line":155,"column":8},"end":{"line":155,"column":58}},"87":{"start":{"line":157,"column":8},"end":{"line":157,"column":58}},"88":{"start":{"line":159,"column":8},"end":{"line":159,"column":58}},"89":{"start":{"line":161,"column":8},"end":{"line":161,"column":58}},"90":{"start":{"line":163,"column":8},"end":{"line":163,"column":25}},"91":{"start":{"line":168,"column":4},"end":{"line":168,"column":29}},"92":{"start":{"line":172,"column":4},"end":{"line":172,"column":44}},"93":{"start":{"line":173,"column":4},"end":{"line":173,"column":48}},"94":{"start":{"line":175,"column":4},"end":{"line":207,"column":7}},"95":{"start":{"line":179,"column":19},"end":{"line":204,"column":7}},"96":{"start":{"line":180,"column":8},"end":{"line":186,"column":9}},"97":{"start":{"line":181,"column":10},"end":{"line":181,"column":54}},"98":{"start":{"line":182,"column":10},"end":{"line":182,"column":64}},"99":{"start":{"line":183,"column":10},"end":{"line":183,"column":48}},"100":{"start":{"line":184,"column":10},"end":{"line":184,"column":20}},"101":{"start":{"line":185,"column":10},"end":{"line":185,"column":17}},"102":{"start":{"line":188,"column":8},"end":{"line":190,"column":9}},"103":{"start":{"line":189,"column":10},"end":{"line":189,"column":27}},"104":{"start":{"line":192,"column":24},"end":{"line":192,"column":40}},"105":{"start":{"line":193,"column":25},"end":{"line":193,"column":67}},"106":{"start":{"line":194,"column":8},"end":{"line":194,"column":59}},"107":{"start":{"line":196,"column":8},"end":{"line":201,"column":9}},"108":{"start":{"line":197,"column":10},"end":{"line":197,"column":64}},"109":{"start":{"line":198,"column":10},"end":{"line":198,"column":48}},"110":{"start":{"line":199,"column":10},"end":{"line":199,"column":20}},"111":{"start":{"line":200,"column":10},"end":{"line":200,"column":17}},"112":{"start":{"line":203,"column":8},"end":{"line":203,"column":64}},"113":{"start":{"line":206,"column":6},"end":{"line":206,"column":62}},"114":{"start":{"line":211,"column":4},"end":{"line":211,"column":39}},"115":{"start":{"line":11,"column":0},"end":{"line":11,"column":13}}},"fnMap":{"0":{"name":"(anonymous_0)","decl":{"start":{"line":16,"column":2},"end":{"line":16,"column":null}},"loc":{"start":{"line":21,"column":53},"end":{"line":22,"column":6}}},"1":{"name":"(anonymous_1)","decl":{"start":{"line":24,"column":2},"end":{"line":24,"column":7}},"loc":{"start":{"line":24,"column":22},"end":{"line":102,"column":3}}},"2":{"name":"(anonymous_2)","decl":{"start":{"line":104,"column":2},"end":{"line":104,"column":6}},"loc":{"start":{"line":104,"column":6},"end":{"line":106,"column":3}}},"3":{"name":"(anonymous_3)","decl":{"start":{"line":109,"column":10},"end":{"line":109,"column":32}},"loc":{"start":{"line":113,"column":24},"end":{"line":142,"column":3}}},"4":{"name":"(anonymous_4)","decl":{"start":{"line":134,"column":8},"end":{"line":134,"column":11}},"loc":{"start":{"line":134,"column":15},"end":{"line":134,"column":74}}},"5":{"name":"(anonymous_5)","decl":{"start":{"line":140,"column":33},"end":{"line":140,"column":36}},"loc":{"start":{"line":140,"column":40},"end":{"line":140,"column":80}}},"6":{"name":"(anonymous_6)","decl":{"start":{"line":141,"column":35},"end":{"line":141,"column":38}},"loc":{"start":{"line":141,"column":42},"end":{"line":141,"column":58}}},"7":{"name":"(anonymous_7)","decl":{"start":{"line":144,"column":10},"end":{"line":144,"column":22}},"loc":{"start":{"line":144,"column":66},"end":{"line":150,"column":3}}},"8":{"name":"(anonymous_8)","decl":{"start":{"line":152,"column":10},"end":{"line":152,"column":28}},"loc":{"start":{"line":152,"column":63},"end":{"line":165,"column":3}}},"9":{"name":"(anonymous_9)","decl":{"start":{"line":167,"column":10},"end":{"line":167,"column":21}},"loc":{"start":{"line":167,"column":30},"end":{"line":169,"column":3}}},"10":{"name":"(anonymous_10)","decl":{"start":{"line":171,"column":10},"end":{"line":171,"column":15}},"loc":{"start":{"line":171,"column":91},"end":{"line":208,"column":3}}},"11":{"name":"(anonymous_11)","decl":{"start":{"line":175,"column":29},"end":{"line":175,"column":36}},"loc":{"start":{"line":175,"column":39},"end":{"line":207,"column":5}}},"12":{"name":"(anonymous_12)","decl":{"start":{"line":179,"column":19},"end":{"line":179,"column":20}},"loc":{"start":{"line":179,"column":36},"end":{"line":204,"column":7}}},"13":{"name":"(anonymous_13)","decl":{"start":{"line":210,"column":10},"end":{"line":210,"column":15}},"loc":{"start":{"line":210,"column":37},"end":{"line":212,"column":3}}}},"branchMap":{"0":{"loc":{"start":{"line":25,"column":4},"end":{"line":27,"column":5}},"type":"if","locations":[{"start":{"line":25,"column":4},"end":{"line":27,"column":5}},{"start":{},"end":{}}]},"1":{"loc":{"start":{"line":29,"column":4},"end":{"line":32,"column":5}},"type":"if","locations":[{"start":{"line":29,"column":4},"end":{"line":32,"column":5}},{"start":{},"end":{}}]},"2":{"loc":{"start":{"line":44,"column":11},"end":{"line":44,"column":36}},"type":"binary-expr","locations":[{"start":{"line":44,"column":11},"end":{"line":44,"column":25}},{"start":{"line":44,"column":29},"end":{"line":44,"column":36}}]},"3":{"loc":{"start":{"line":46,"column":6},"end":{"line":50,"column":7}},"type":"if","locations":[{"start":{"line":46,"column":6},"end":{"line":50,"column":7}},{"start":{},"end":{}}]},"4":{"loc":{"start":{"line":46,"column":10},"end":{"line":46,"column":57}},"type":"binary-expr","locations":[{"start":{"line":46,"column":10},"end":{"line":46,"column":16}},{"start":{"line":46,"column":20},"end":{"line":46,"column":31}},{"start":{"line":46,"column":35},"end":{"line":46,"column":57}}]},"5":{"loc":{"start":{"line":53,"column":25},"end":{"line":53,"column":72}},"type":"binary-expr","locations":[{"start":{"line":53,"column":25},"end":{"line":53,"column":54}},{"start":{"line":53,"column":58},"end":{"line":53,"column":72}}]},"6":{"loc":{"start":{"line":55,"column":59},"end":{"line":55,"column":73}},"type":"binary-expr","locations":[{"start":{"line":55,"column":59},"end":{"line":55,"column":68}},{"start":{"line":55,"column":72},"end":{"line":55,"column":73}}]},"7":{"loc":{"start":{"line":56,"column":6},"end":{"line":60,"column":7}},"type":"if","locations":[{"start":{"line":56,"column":6},"end":{"line":60,"column":7}},{"start":{},"end":{}}]},"8":{"loc":{"start":{"line":64,"column":6},"end":{"line":67,"column":7}},"type":"if","locations":[{"start":{"line":64,"column":6},"end":{"line":67,"column":7}},{"start":{},"end":{}}]},"9":{"loc":{"start":{"line":72,"column":6},"end":{"line":74,"column":7}},"type":"if","locations":[{"start":{"line":72,"column":6},"end":{"line":74,"column":7}},{"start":{},"end":{}}]},"10":{"loc":{"start":{"line":77,"column":6},"end":{"line":81,"column":7}},"type":"if","locations":[{"start":{"line":77,"column":6},"end":{"line":81,"column":7}},{"start":{},"end":{}}]},"11":{"loc":{"start":{"line":85,"column":6},"end":{"line":89,"column":7}},"type":"if","locations":[{"start":{"line":85,"column":6},"end":{"line":89,"column":7}},{"start":{},"end":{}}]},"12":{"loc":{"start":{"line":95,"column":4},"end":{"line":98,"column":5}},"type":"if","locations":[{"start":{"line":95,"column":4},"end":{"line":98,"column":5}},{"start":{},"end":{}}]},"13":{"loc":{"start":{"line":119,"column":4},"end":{"line":121,"column":5}},"type":"if","locations":[{"start":{"line":119,"column":4},"end":{"line":121,"column":5}},{"start":{},"end":{}}]},"14":{"loc":{"start":{"line":123,"column":4},"end":{"line":125,"column":5}},"type":"if","locations":[{"start":{"line":123,"column":4},"end":{"line":125,"column":5}},{"start":{},"end":{}}]},"15":{"loc":{"start":{"line":123,"column":8},"end":{"line":123,"column":59}},"type":"binary-expr","locations":[{"start":{"line":123,"column":8},"end":{"line":123,"column":30}},{"start":{"line":123,"column":34},"end":{"line":123,"column":59}}]},"16":{"loc":{"start":{"line":128,"column":4},"end":{"line":137,"column":5}},"type":"if","locations":[{"start":{"line":128,"column":4},"end":{"line":137,"column":5}},{"start":{},"end":{}}]},"17":{"loc":{"start":{"line":130,"column":6},"end":{"line":132,"column":7}},"type":"if","locations":[{"start":{"line":130,"column":6},"end":{"line":132,"column":7}},{"start":{},"end":{}}]},"18":{"loc":{"start":{"line":134,"column":15},"end":{"line":134,"column":74}},"type":"binary-expr","locations":[{"start":{"line":134,"column":15},"end":{"line":134,"column":31}},{"start":{"line":134,"column":35},"end":{"line":134,"column":50}},{"start":{"line":134,"column":54},"end":{"line":134,"column":74}}]},"19":{"loc":{"start":{"line":136,"column":13},"end":{"line":136,"column":33}},"type":"binary-expr","locations":[{"start":{"line":136,"column":13},"end":{"line":136,"column":22}},{"start":{"line":136,"column":26},"end":{"line":136,"column":33}}]},"20":{"loc":{"start":{"line":140,"column":40},"end":{"line":140,"column":80}},"type":"binary-expr","locations":[{"start":{"line":140,"column":40},"end":{"line":140,"column":56}},{"start":{"line":140,"column":60},"end":{"line":140,"column":80}}]},"21":{"loc":{"start":{"line":141,"column":11},"end":{"line":141,"column":71}},"type":"binary-expr","locations":[{"start":{"line":141,"column":11},"end":{"line":141,"column":20}},{"start":{"line":141,"column":24},"end":{"line":141,"column":59}},{"start":{"line":141,"column":63},"end":{"line":141,"column":71}}]},"22":{"loc":{"start":{"line":145,"column":4},"end":{"line":147,"column":5}},"type":"if","locations":[{"start":{"line":145,"column":4},"end":{"line":147,"column":5}},{"start":{},"end":{}}]},"23":{"loc":{"start":{"line":145,"column":8},"end":{"line":145,"column":72}},"type":"binary-expr","locations":[{"start":{"line":145,"column":8},"end":{"line":145,"column":14}},{"start":{"line":145,"column":18},"end":{"line":145,"column":31}},{"start":{"line":145,"column":35},"end":{"line":145,"column":46}},{"start":{"line":145,"column":50},"end":{"line":145,"column":72}}]},"24":{"loc":{"start":{"line":148,"column":39},"end":{"line":148,"column":53}},"type":"binary-expr","locations":[{"start":{"line":148,"column":39},"end":{"line":148,"column":48}},{"start":{"line":148,"column":52},"end":{"line":148,"column":53}}]},"25":{"loc":{"start":{"line":153,"column":4},"end":{"line":164,"column":5}},"type":"switch","locations":[{"start":{"line":154,"column":6},"end":{"line":155,"column":58}},{"start":{"line":156,"column":6},"end":{"line":157,"column":58}},{"start":{"line":158,"column":6},"end":{"line":159,"column":58}},{"start":{"line":160,"column":6},"end":{"line":161,"column":58}},{"start":{"line":162,"column":6},"end":{"line":163,"column":25}}]},"26":{"loc":{"start":{"line":180,"column":8},"end":{"line":186,"column":9}},"type":"if","locations":[{"start":{"line":180,"column":8},"end":{"line":186,"column":9}},{"start":{},"end":{}}]},"27":{"loc":{"start":{"line":188,"column":8},"end":{"line":190,"column":9}},"type":"if","locations":[{"start":{"line":188,"column":8},"end":{"line":190,"column":9}},{"start":{},"end":{}}]},"28":{"loc":{"start":{"line":196,"column":8},"end":{"line":201,"column":9}},"type":"if","locations":[{"start":{"line":196,"column":8},"end":{"line":201,"column":9}},{"start":{},"end":{}}]}},"s":{"0":1,"1":1,"2":1,"3":1,"4":13,"5":13,"6":13,"7":13,"8":13,"9":13,"10":13,"11":13,"12":1,"13":12,"14":12,"15":1,"16":1,"17":11,"18":11,"19":11,"20":11,"21":11,"22":11,"23":11,"24":11,"25":13,"26":13,"27":0,"28":0,"29":0,"30":13,"31":13,"32":13,"33":13,"34":0,"35":0,"36":0,"37":13,"38":13,"39":2,"40":2,"41":11,"42":11,"43":11,"44":2,"45":11,"46":11,"47":0,"48":0,"49":0,"50":11,"51":11,"52":11,"53":9,"54":9,"55":9,"56":2,"57":2,"58":11,"59":0,"60":0,"61":11,"62":11,"63":2,"64":13,"65":13,"66":13,"67":11,"68":2,"69":0,"70":2,"71":0,"72":0,"73":0,"74":0,"75":0,"76":0,"77":2,"78":4,"79":2,"80":0,"81":11,"82":8,"83":3,"84":3,"85":11,"86":0,"87":11,"88":0,"89":0,"90":0,"91":11,"92":13,"93":13,"94":13,"95":13,"96":79,"97":2,"98":2,"99":2,"100":2,"101":2,"102":77,"103":11,"104":77,"105":77,"106":77,"107":77,"108":11,"109":11,"110":11,"111":11,"112":66,"113":13,"114":13,"115":1},"f":{"0":13,"1":13,"2":2,"3":13,"4":0,"5":4,"6":0,"7":11,"8":11,"9":11,"10":13,"11":13,"12":79,"13":13},"b":{"0":[1,12],"1":[1,11],"2":[13,13],"3":[0,13],"4":[13,13,13],"5":[13,13],"6":[13,0],"7":[0,13],"8":[2,11],"9":[2,9],"10":[0,11],"11":[9,2],"12":[0,11],"13":[11,2],"14":[0,2],"15":[2,2],"16":[0,2],"17":[0,0],"18":[0,0,0],"19":[0,0],"20":[4,2],"21":[2,0,0],"22":[8,3],"23":[11,4,4,4],"24":[3,0],"25":[0,11,0,0,0],"26":[2,77],"27":[11,66],"28":[11,66]}}
,"D:\\Dev\\pipe-mania\\src\\core\\logic\\boardBuilder.ts": {"path":"D:\\Dev\\pipe-mania\\src\\core\\logic\\boardBuilder.ts","statementMap":{"0":{"start":{"line":21,"column":0},"end":{"line":21,"column":16}},"1":{"start":{"line":1,"column":0},"end":{"line":1,"column":35}},"2":{"start":{"line":27,"column":2},"end":{"line":33,"column":3}},"3":{"start":{"line":28,"column":4},"end":{"line":28,"column":59}},"4":{"start":{"line":29,"column":4},"end":{"line":32,"column":6}},"5":{"start":{"line":35,"column":19},"end":{"line":35,"column":46}},"6":{"start":{"line":36,"column":21},"end":{"line":36,"column":32}},"7":{"start":{"line":37,"column":23},"end":{"line":37,"column":50}},"8":{"start":{"line":38,"column":23},"end":{"line":38,"column":94}},"9":{"start":{"line":41,"column":16},"end":{"line":41,"column":58}},"10":{"start":{"line":42,"column":23},"end":{"line":42,"column":51}},"11":{"start":{"line":44,"column":2},"end":{"line":47,"column":3}},"12":{"start":{"line":44,"column":15},"end":{"line":44,"column":16}},"13":{"start":{"line":45,"column":25},"end":{"line":45,"column":40}},"14":{"start":{"line":46,"column":4},"end":{"line":46,"column":38}},"15":{"start":{"line":49,"column":2},"end":{"line":52,"column":4}},"16":{"start":{"line":56,"column":2},"end":{"line":56,"column":97}},"17":{"start":{"line":56,"column":44},"end":{"line":56,"column":95}},"18":{"start":{"line":56,"column":91},"end":{"line":56,"column":93}},"19":{"start":{"line":60,"column":53},"end":{"line":60,"column":55}},"20":{"start":{"line":61,"column":2},"end":{"line":65,"column":3}},"21":{"start":{"line":61,"column":17},"end":{"line":61,"column":18}},"22":{"start":{"line":62,"column":4},"end":{"line":64,"column":5}},"23":{"start":{"line":62,"column":19},"end":{"line":62,"column":20}},"24":{"start":{"line":63,"column":6},"end":{"line":63,"column":31}},"25":{"start":{"line":66,"column":2},"end":{"line":66,"column":15}},"26":{"start":{"line":75,"column":2},"end":{"line":78,"column":3}},"27":{"start":{"line":75,"column":15},"end":{"line":75,"column":31}},"28":{"start":{"line":76,"column":14},"end":{"line":76,"column":54}},"29":{"start":{"line":77,"column":4},"end":{"line":77,"column":48}},"30":{"start":{"line":79,"column":2},"end":{"line":79,"column":15}}},"fnMap":{"0":{"name":"buildInitialBoard","decl":{"start":{"line":21,"column":16},"end":{"line":21,"column":33}},"loc":{"start":{"line":26,"column":19},"end":{"line":53,"column":1}}},"1":{"name":"createEmptyGrid","decl":{"start":{"line":55,"column":9},"end":{"line":55,"column":24}},"loc":{"start":{"line":55,"column":51},"end":{"line":57,"column":1}}},"2":{"name":"(anonymous_2)","decl":{"start":{"line":56,"column":38},"end":{"line":56,"column":41}},"loc":{"start":{"line":56,"column":44},"end":{"line":56,"column":95}}},"3":{"name":"(anonymous_3)","decl":{"start":{"line":56,"column":73},"end":{"line":56,"column":87}},"loc":{"start":{"line":56,"column":91},"end":{"line":56,"column":93}}},"4":{"name":"getAllCells","decl":{"start":{"line":59,"column":9},"end":{"line":59,"column":20}},"loc":{"start":{"line":59,"column":47},"end":{"line":67,"column":1}}},"5":{"name":"shuffleCells","decl":{"start":{"line":69,"column":9},"end":{"line":69,"column":21}},"loc":{"start":{"line":71,"column":10},"end":{"line":80,"column":1}}}},"branchMap":{"0":{"loc":{"start":{"line":27,"column":2},"end":{"line":33,"column":3}},"type":"if","locations":[{"start":{"line":27,"column":2},"end":{"line":33,"column":3}},{"start":{},"end":{}}]},"1":{"loc":{"start":{"line":27,"column":6},"end":{"line":27,"column":28}},"type":"binary-expr","locations":[{"start":{"line":27,"column":6},"end":{"line":27,"column":15}}
[...]
}},"26":{"start":{"line":44,"column":17},"end":{"line":44,"column":39}},"27":{"start":{"line":45,"column":4},"end":{"line":50,"column":5}},"28":{"start":{"line":45,"column":19},"end":{"line":45,"column":20}},"29":{"start":{"line":46,"column":19},"end":{"line":46,"column":35}},"30":{"start":{"line":47,"column":6},"end":{"line":49,"column":7}},"31":{"start":{"line":48,"column":8},"end":{"line":48,"column":30}},"32":{"start":{"line":53,"column":2},"end":{"line":53,"column":14}},"33":{"start":{"line":57,"column":13},"end":{"line":57,"column":32}},"34":{"start":{"line":58,"column":2},"end":{"line":60,"column":3}},"35":{"start":{"line":59,"column":4},"end":{"line":59,"column":14}},"36":{"start":{"line":62,"column":18},"end":{"line":62,"column":48}},"37":{"start":{"line":63,"column":29},"end":{"line":63,"column":31}},"38":{"start":{"line":65,"column":2},"end":{"line":82,"column":3}},"39":{"start":{"line":66,"column":21},"end":{"line":66,"column":48}},"40":{"start":{"line":67,"column":4},"end":{"line":69,"column":5}},"41":{"start":{"line":68,"column":6},"end":{"line":68,"column":15}},"42":{"start":{"line":71,"column":18},"end":{"line":71,"column":41}},"43":{"start":{"line":72,"column":4},"end":{"line":74,"column":5}},"44":{"start":{"line":73,"column":6},"end":{"line":73,"column":15}},"45":{"start":{"line":78,"column":23},"end":{"line":78,"column":59}},"46":{"start":{"line":79,"column":4},"end":{"line":81,"column":5}},"47":{"start":{"line":80,"column":6},"end":{"line":80,"column":28}},"48":{"start":{"line":84,"column":2},"end":{"line":84,"column":16}},"49":{"start":{"line":88,"column":2},"end":{"line":90,"column":3}},"50":{"start":{"line":89,"column":4},"end":{"line":89,"column":73}},"51":{"start":{"line":91,"column":2},"end":{"line":93,"column":3}},"52":{"start":{"line":92,"column":4},"end":{"line":92,"column":73}},"53":{"start":{"line":94,"column":2},"end":{"line":96,"column":3}},"54":{"start":{"line":95,"column":4},"end":{"line":95,"column":73}},"55":{"start":{"line":97,"column":2},"end":{"line":99,"column":3}},"56":{"start":{"line":98,"column":4},"end":{"line":98,"column":73}},"57":{"start":{"line":100,"column":2},"end":{"line":100,"column":14}},"58":{"start":{"line":104,"column":2},"end":{"line":106,"column":3}},"59":{"start":{"line":105,"column":4},"end":{"line":105,"column":17}},"60":{"start":{"line":108,"column":15},"end":{"line":108,"column":37}},"61":{"start":{"line":109,"column":2},"end":{"line":109,"column":32}},"62":{"start":{"line":113,"column":2},"end":{"line":113,"column":26}}},"fnMap":{"0":{"name":"findLongestConnectedPath","decl":{"start":{"line":7,"column":16},"end":{"line":7,"column":40}},"loc":{"start":{"line":7,"column":56},"end":{"line":54,"column":1}}},"1":{"name":"(anonymous_1)","decl":{"start":{"line":11,"column":14},"end":{"line":11,"column":15}},"loc":{"start":{"line":11,"column":42},"end":{"line":11,"column":57}}},"2":{"name":"(anonymous_2)","decl":{"start":{"line":13,"column":14},"end":{"line":13,"column":15}},"loc":{"start":{"line":13,"column":51},"end":{"line":41,"column":3}}},"3":{"name":"(anonymous_3)","decl":{"start":{"line":30,"column":57},"end":{"line":30,"column":59}},"loc":{"start":{"line":30,"column":63},"end":{"line":30,"column":84}}},"4":{"name":"linkedNeighbors","decl":{"start":{"line":56,"column":9},"end":{"line":56,"column":24}},"loc":{"start":{"line":56,"column":56},"end":{"line":85,"column":1}}},"5":{"name":"neighborOf","decl":{"start":{"line":87,"column":9},"end":{"line":87,"column":19}},"loc":{"start":{"line":87,"column":69},"end":{"line":101,"column":1}}},"6":{"name":"isInBounds","decl":{"start":{"line":103,"column":9},"end":{"line":103,"column":19}},"loc":{"start":{"line":103,"column":61},"end":{"line":110,"column":1}}},"7":{"name":"getTile","decl":{"start":{"line":112,"column":9},"end":{"line":112,"column":16}},"loc":{"start":{"line":112,"column":56},"end":{"line":114,"column":1}}}},"branchMap":{"0":{"loc":{"start":{"line":15,"column":4},"end":{"line":17,"column":5}},"type":"if","locations":[{"start":{"line":15,"column":4},"end":{"line":17,"column":5}},{"start":{},"end":{}}]},"1":{"loc":{"start":{"line":20,"column":4},"end":{"line":22,"column":5}},"type":"if","locations":[{"start":{"line":20,"column":4},"end":{"line":22,"column":5}},{"start":{},"end":{}}]},"2":{"loc":{"start":{"line":20,"column":8},"end":{"line":20,"column":43}},"type":"binary-expr","locations":[{"start":{"line":20,"column":8},"end":{"line":20,"column":13}},{"start":{"line":20,"column":17},"end":{"line":20,"column":27}},{"start":{"line":20,"column":31},"end":{"line":20,"column":43}}]},"3":{"loc":{"start":{"line":31,"column":4},"end":{"line":33,"column":5}},"type":"if","locations":[{"start":{"line":31,"column":4},"end":{"line":33,"column":5}},{"start":{},"end":{}}]},"4":{"loc":{"start":{"line":31,"column":8},"end":{"line":31,"column":59}},"type":"binary-expr","locations":[{"start":{"line":31,"column":8},"end":{"line":31,"column":30}},{"start":{"line":31,"column":34},"end":{"line":31,"column":59}}]},"5":{"loc":{"start":{"line":44,"column":17},"end":{"line":44,"column":39}},"type":"binary-expr","locations":[{"start":{"line":44,"column":17},"end":{"line":44,"column":34}},{"start":{"line":44,"column":38},"end":{"line":44,"column":39}}]},"6":{"loc":{"start":{"line":47,"column":6},"end":{"line":49,"column":7}},"type":"if","locations":[{"start":{"line":47,"column":6},"end":{"line":49,"column":7}},{"start":{},"end":{}}]},"7":{"loc":{"start":{"line":47,"column":10},"end":{"line":47,"column":44}},"type":"binary-expr","locations":[{"start":{"line":47,"column":10},"end":{"line":47,"column":14}},{"start":{"line":47,"column":18},"end":{"line":47,"column":27}},{"start":{"line":47,"column":31},"end":{"line":47,"column":44}}]},"8":{"loc":{"start":{"line":58,"column":2},"end":{"line":60,"column":3}},"type":"if","locations":[{"start":{"line":58,"column":2},"end":{"line":60,"column":3}},{"start":{},"end":{}}]},"9":{"loc":{"start":{"line":58,"column":6},"end":{"line":58,"column":35}},"type":"binary-expr","locations":[{"start":{"line":58,"column":6},"end":{"line":58,"column":9}},{"start":{"line":58,"column":13},"end":{"line":58,"column":21}},{"start":{"line":58,"column":25},"end":{"line":58,"column":35}}]},"10":{"loc":{"start":{"line":62,"column":36},"end":{"line":62,"column":47}},"type":"binary-expr","locations":[{"start":{"line":62,"column":36},"end":{"line":62,"column":42}},{"start":{"line":62,"column":46},"end":{"line":62,"column":47}}]},"11":{"loc":{"start":{"line":67,"column":4},"end":{"line":69,"column":5}},"type":"if","locations":[{"start":{"line":67,"column":4},"end":{"line":69,"column":5}},{"start":{},"end":{}}]},"12":{"loc":{"start":{"line":72,"column":4},"end":{"line":74,"column":5}},"type":"if","locations":[{"start":{"line":72,"column":4},"end":{"line":74,"column":5}},{"start":{},"end":{}}]},"13":{"loc":{"start":{"line":72,"column":8},"end":{"line":72,"column":46}},"type":"binary-expr","locations":[{"start":{"line":72,"column":8},"end":{"line":72,"column":14}},{"start":{"line":72,"column":18},"end":{"line":72,"column":29}},{"start":{"line":72,"column":33},"end":{"line":72,"column":46}}]},"14":{"loc":{"start":{"line":78,"column":44},"end":{"line":78,"column":58}},"type":"binary-expr","locations":[{"start":{"line":78,"column":44},"end":{"line":78,"column":53}},{"start":{"line":78,"column":57},"end":{"line":78,"column":58}}]},"15":{"loc":{"start":{"line":79,"column":4},"end":{"line":81,"column":5}},"type":"if","locations":[{"start":{"line":79,"column":4},"end":{"line":81,"column":5}},{"start":{},"end":{}}]},"16":{"loc":{"start":{"line":88,"column":2},"end":{"line":90,"column":3}},"type":"if","locations":[{"start":{"line":88,"column":2},"end":{"line":90,"column":3}},{"start":{},"end":{}}]},"17":{"loc":{"start":{"line":89,"column":11},"end":{"line":89,"column":72}},"type":"cond-expr","locations":[{"start":{"line":89,"column":44},"end":{"line":89,"column":65}},{"start":{"line":89,"column":68},"end":{"line":89,"column":72}}]},"18":{"loc":{"start":{"line":91,"column":2},"end":{"line":93,"column":3}},"type":"if","locations":[{"start":{"line":91,"column":2},"end":{"line":93,"column":3}},{"start":{},"end":{}}]},"19":{"loc":{"start":{"line":92,"column":11},"end":{"line":92,"column":72}},"type":"cond-expr","locations":[{"start":{"line":92,"column":44},"end":{"line":92,"column":65}},{"start":{"line":92,"column":68},"end":{"line":92,"column":72}}]},"20":{"loc":{"start":{"line":94,"column":2},"end":{"line":96,"column":3}},"type":"if","locations":[{"start":{"line":94,"column":2},"end":{"line":96,"column":3}},{"start":{},"end":{}}]},"21":{"loc":{"start":{"line":95,"column":11},"end":{"line":95,"column":72}},"type":"cond-expr","locations":[{"start":{"line":95,"column":44},"end":{"line":95,"column":65}},{"start":{"line":95,"column":68},"end":{"line":95,"column":72}}]},"22":{"loc":{"start":{"line":97,"column":2},"end":{"line":99,"column":3}},"type":"if","locations":[{"start":{"line":97,"column":2},"end":{"line":99,"column":3}},{"start":{},"end":{}}]},"23":{"loc":{"start":{"line":98,"column":11},"end":{"line":98,"column":72}},"type":"cond-expr","locations":[{"start":{"line":98,"column":44},"end":{"line":98,"column":65}},{"start":{"line":98,"column":68},"end":{"line":98,"column":72}}]},"24":{"loc":{"start":{"line":104,"column":2},"end":{"line":106,"column":3}},"type":"if","locations":[{"start":{"line":104,"column":2},"end":{"line":106,"column":3}},{"start":{},"end":{}}]},"25":{"loc":{"start":{"line":104,"column":6},"end":{"line":104,"column":35}},"type":"binary-expr","locations":[{"start":{"line":104,"column":6},"end":{"line":104,"column":13}},{"start":{"line":104,"column":17},"end":{"line":104,"column":35}}]},"26":{"loc":{"start":{"line":108,"column":15},"end":{"line":108,"column":37}},"type":"binary-expr","locations":[{"start":{"line":108,"column":15},"end":{"line":108,"column":32}},{"start":{"line":108,"column":36},"end":{"line":108,"column":37}}]},"27":{"loc":{"start":{"line":109,"column":9},"end":{"line":109,"column":31}},"type":"binary-expr","locations":[{"start":{"line":109,"column":9},"end":{"line":109,"column":17}},{"start":{"line":109,"column":21},"end":{"line":109,"column":31}}]}},"s":{"0":0,"1":0,"2":0,"3":0,"4":0,"5":0,"6":0,"7":0,"8":0,"9":0,"10":0,"11":0,"12":0,"13":0,"14":0,"15":0,"16":0,"17":0,"18":0,"19":0,"20":0,"21":0,"22":0,"23":0,"24":0,"25":0,"26":0,"27":0,"28":0,"29":0,"30":0,"31":0,"32":0,"33":0,"34":0,"35":0,"36":0,"37":0,"38":0,"39":0,"40":0,"41":0,"42":0,"43":0,"44":0,"45":0,"46":0,"47":0,"48":0,"49":0,"50":0,"51":0,"52":0,"53":0,"54":0,"55":0,"56":0,"57":0,"58":0,"59":0,"60":0,"61":0,"62":0},"f":{"0":0,"1":0,"2":0,"3":0,"4":0,"5":0,"6":0,"7":0},"b":{"0":[0,0],"1":[0,0],"2":[0,0,0],"3":[0,0],"4":[0,0],"5":[0,0],"6":[0,0],"7":[0,0,0],"8":[0,0],"9":[0,0,0],"10":[0,0],"11":[0,0],"12":[0,0],"13":[0,0,0],"14":[0,0],"15":[0,0],"16":[0,0],"17":[0,0],"18":[0,0],"19":[0,0],"20":[0,0],"21":[0,0],"22":[0,0],"23":[0,0],"24":[0,0],"25":[0,0],"26":[0,0],"27":[0,0]}}
,"D:\\Dev\\pipe-mania\\src\\core\\logic\\pipeDefinitions.ts": {"path":"D:\\Dev\\pipe-mania\\src\\core\\logic\\pipeDefinitions.ts","statementMap":{"0":{"start":{"line":75,"column":0},"end":{"line":75,"column":16}},"1":{"start":{"line":79,"column":0},"end":{"line":79,"column":16}},"2":{"start":{"line":83,"column":0},"end":{"line":83,"column":16}},"3":{"start":{"line":89,"column":0},"end":{"line":89,"column":16}},"4":{"start":{"line":93,"column":0},"end":{"line":93,"column":16}},"5":{"start":{"line":97,"column":0},"end":{"line":97,"column":16}},"6":{"start":{"line":101,"column":0},"end":{"line":101,"column":16}},"7":{"start":{"line":105,"column":0},"end":{"line":105,"column":16}},"8":{"start":{"line":18,"column":13},"end":{"line":68,"column":11}},"9":{"start":{"line":71,"column":13},"end":{"line":71,"column":83}},"10":{"start":{"line":76,"column":2},"end":{"line":76,"column":32}},"11":{"start":{"line":80,"column":2},"end":{"line":80,"column":24}},"12":{"start":{"line":84,"column":2},"end":{"line":86,"column":4}},"13":{"start":{"line":85,"column":12},"end":{"line":85,"column":47}},"14":{"start":{"line":90,"column":2},"end":{"line":90,"column":38}},"15":{"start":{"line":94,"column":2},"end":{"line":94,"column":42}},"16":{"start":{"line":98,"column":2},"end":{"line":98,"column":46}},"17":{"start":{"line":102,"column":2},"end":{"line":102,"column":45}},"18":{"start":{"line":106,"column":2},"end":{"line":106,"column":45}}},"fnMap":{"0":{"name":"getPipeDefinition","decl":{"start":{"line":75,"column":16},"end":{"line":75,"column":33}},"loc":{"start":{"line":75,"column":48},"end":{"line":77,"column":1}}},"1":{"name":"getAllPipeKinds","decl":{"start":{"line":79,"column":16},"end":{"line":79,"column":31}},"loc":{"start":{"line":79,"column":31},"end":{"line":81,"column":1}}},"2":{"name":"getRandomizablePipeKinds","decl":{"start":{"line":83,"column":16},"end":{"line":83,"column":40}},"loc":{"start":{"line":83,"column":40},"end":{"line":87,"column":1}}},"3":{"name":"(anonymous_3)","decl":{"start":{"line":85,"column":4},"end":{"line":85,"column":8}},"loc":{"start":{"line":85,"column":12},"end":{"line":85,"column":47}}},"4":{"name":"getBasePorts","decl":{"start":{"line":89,"column":16},"end":{"line":89,"column":28}},"loc":{"start":{"line":89,"column":43},"end":{"line":91,"column":1}}},"5":{"name":"getPipeAssetPath","decl":{"start":{"line":93,"column":16},"end":{"line":93,"column":32}},"loc":{"start":{"line":93,"column":47},"end":{"line":95,"column":1}}},"6":{"name":"getMaxFlowVisits","decl":{"start":{"line":97,"column":16},"end":{"line":97,"column":32}},"loc":{"start":{"line":97,"column":47},"end":{"line":99,"column":1}}},"7":{"name":"isRandomizable","decl":{"start":{"line":101,"column":16},"end":{"line":101,"column":30}},"loc":{"start":{"line":101,"column":45},"end":{"line":103,"column":1}}},"8":{"name":"getFlowStrategy","decl":{"start":{"line":105,"column":16},"end":{"line":105,"column":31}},"loc":{"start":{"line":105,"column":46},"end":{"line":107,"column":1}}}},"branchMap":{},"s":{"0":4,"1":4,"2":4,"3":4,"4":4,"5":4,"6":4,"7":4,"8":4,"9":4,"10":0,"11":0,"12":3,"13":15,"14":69,"15":3,"16":27,"17":0,"18":17},"f":{"0":0,"1":0,"2":3,"3":15,"4":69,"5":3,"6":27,"7":0,"8":17},"b":{}}
,"D:\\Dev\\pipe-mania\\src\\core\\logic\\pipes.ts": {"path":"D:\\Dev\\pipe-mania\\src\\core\\logic\\pipes.ts","statementMap":{"0":{"start":{"line":7,"column":0},"end":{"line":7,"column":16}},"1":{"start":{"line":1,"column":0},"end":{"line":1,"column":39}},"2":{"start":{"line":2,"column":0},"end":{"line":2,"column":35}},"3":{"start":{"line":5,"column":0},"end":{"line":5,"column":49}},"4":{"start":{"line":8,"column":15},"end":{"line":8,"column":33}},"5":{"start":{"line":9,"column":2},"end":{"line":12,"column":3}},"6":{"start":{"line":10,"column":4},"end":{"line":10,"column":62}},"7":{"start":{"line":11,"column":4},"end":{"line":11,"column":14}},"8":{"start":{"line":14,"column":2},"end":{"line":14,"column":46}},"9":{"start":{"line":14,"column":25},"end":{"line":14,"column":44}},"10":{"start":{"line":18,"column":16},"end":{"line":18,"column":33}},"11":{"start":{"line":19,"column":19},"end":{"line":19,"column":46}},"12":{"start":{"line":20,"column":2},"end":{"line":20,"column":24}}},"fnMap":{"0":{"name":"getPorts","decl":{"start":{"line":7,"column":16},"end":{"line":7,"column":24}},"loc":{"start":{"line":7,"column":49},"end":{"line":15,"column":1}}},"1":{"name":"(anonymous_1)","decl":{"start":{"line":14,"column":18},"end":{"line":14,"column":21}},"loc":{"start":{"line":14,"column":25},"end":{"line":14,"column":44}}},"2":{"name":"rotateDir","decl":{"start":{"line":17,"column":9},"end":{"line":17,"column":18}},"loc":{"start":{"line":17,"column":37},"end":{"line":21,"column":1}}}},"branchMap":{"0":{"loc":{"start":{"line":9,"column":2},"end":{"line":12,"column":3}},"type":"if","locations":[{"start":{"line":9,"column":2},"end":{"line":12,"column":3}},{"start":{},"end":{}}]},"1":{"loc":{"start":{"line":9,"column":6},"end":{"line":9,"column":32}},"type":"binary-expr","locations":[{"start":{"line":9,"column":6},"end":{"line":9,"column":11}},{"start":{"line":9,"column":15},"end":{"line":9,"column":32}}]}},"s":{"0":2,"1":2,"2":2,"3":2,"4":64,"5":64,"6":0,"7":0,"8":64,"9":129,"10":129,"11":129,"12":129},"f":{"0":64,"1":129,"2":129},"b":{"0":[0,64],"1":[64,64]}}
,"D:\\Dev\\pipe-mania\\src\\core\\logic\\pipesQueue.ts": {"path":"D:\\Dev\\pipe-mania\\src\\core\\logic\\pipesQueue.ts","statementMap":{"0":{"start":{"line":3,"column":0},"end":{"line":3,"column":35}},"1":{"start":{"line":11,"column":35},"end":{"line":11,"column":37}},"2":{"start":{"line":14,"column":21},"end":{"line":14,"column":33}},"3":{"start":{"line":15,"column":21},"end":{"line":15,"column":38}},"4":{"start":{"line":16,"column":21},"end":{"line":16,"column":67}},"5":{"start":{"line":18,"column":4},"end":{"line":21,"column":5}},"6":{"start":{"line":19,"column":6},"end":{"line":19,"column":49}},"7":{"start":{"line":20,"column":6},"end":{"line":20,"column":55}},"8":{"start":{"line":22,"column":4},"end":{"line":25,"column":5}},"9":{"start":{"line":23,"column":6},"end":{"line":23,"column":57}},"10":{"start":{"line":24,"column":6},"end":{"line":24,"column":63}},"11":{"start":{"line":27,"column":4},"end":{"line":27,"column":26}},"12":{"start":{"line":31,"column":4},"end":{"line":31,"column":26}},"13":{"start":{"line":32,"column":4},"end":{"line":32,"column":26}},"14":{"start":{"line":36,"column":4},"end":{"line":36,"column":25}},"15":{"start":{"line":40,"column":24},"end":{"line":40,"column":43}},"16":{"start":{"line":43,"column":4},"end":{"line":43,"column":49}},"17":{"start":{"line":44,"column":4},"end":{"line":44,"column":23}},"18":{"start":{"line":48,"column":4},"end":{"line":48,"column":27}},"19":{"start":{"line":52,"column":4},"end":{"line":54,"column":5}},"20":{"start":{"line":53,"column":6},"end":{"line":53,"column":51}},"21":{"start":{"line":58,"column":17},"end":{"line":58,"column":85}},"22":{"start":{"line":59,"column":16},"end":{"line":59,"column":49}},"23":{"start":{"line":60,"column":17},"end":{"line":60,"column":30}},"24":{"start":{"line":61,"column":4},"end":{"line":61,"column":16}},"25":{"start":{"line":10,"column":0},"end":{"line":10,"column":13}}},"fnMap":{"0":{"name":"(anonymous_0)","decl":{"start":{"line":13,"column":2},"end":{"line":13,"column":null}},"loc":{"start":{"line":16,"column":67},"end":{"line":28,"column":3}}},"1":{"name":"(anonymous_1)","decl":{"start":{"line":30,"column":2},"end":{"line":30,"column":7}},"loc":{"start":{"line":30,"column":7},"end":{"line":33,"column":3}}},"2":{"name":"(anonymous_2)","decl":{"start":{"line":35,"column":2},"end":{"line":35,"column":10}},"loc":{"start":{"line":35,"column":10},"end":{"line":37,"column":3}}},"3":{"name":"(anonymous_3)","decl":{"start":{"line":39,"column":2},"end":{"line":39,"column":16}},"loc":{"start":{"line":39,"column":16},"end":{"line":45,"column":3}}},"4":{"name":"(anonymous_4)","decl":{"start":{"line":47,"column":2},"end":{"line":47,"column":15}},"loc":{"start":{"line":47,"column":15},"end":{"line":49,"column":3}}},"5":{"name":"(anonymous_5)","decl":{"start":{"line":51,"column":10},"end":{"line":51,"column":24}},"loc":{"start":{"line":51,"column":24},"end":{"line":55,"column":3}}},"6":{"name":"(anonymous_6)","decl":{"start":{"line":57,"column":10},"end":{"line":57,"column":30}},"loc":{"start":{"line":57,"column":30},"end":{"line":62,"column":3}}}},"branchMap":{"0":{"loc":{"start":{"line":18,"column":4},"end":{"line":21,"column":5}},"type":"if","locations":[{"start":{"line":18,"column":4},"end":{"line":21,"column":5}},{"start":{},"end":{}}]},"1":{"loc":{"start":{"line":22,"column":4},"end":{"line":25,"column":5}},"type":"if","locations":[{"start":{"line":22,"column":4},"end":{"line":25,"column":5}},{"start":{},"end":{}}]}},"s":{"0":1,"1":8,"2":8,"3":8,"4":8,"5":8,"6":1,"7":1,"8":7,"9":1,"10":1,"11":6,"12":1,"13":1,"14":1,"15":2,"16":2,"17":2,"18":8,"19":7,"20":27,"21":29,"22":29,"23":29,"24":29,"25":1},"f":{"0":8,"1":1,"2":1,"3":2,"4":8,"5":7,"6":29},"b":{"0":[1,7],"1":[1,6]}}
}
