TN:
SF:src\core\config.ts
FN:101,(anonymous_0)
FN:211,loadConfig
FNF:2
FNH:0
FNDA:0,(anonymous_0)
FNDA:0,loadConfig
DA:1,0
DA:3,0
DA:101,0
DA:123,0
DA:211,0
DA:212,0
DA:213,0
DA:216,0
DA:217,0
DA:218,0
DA:219,0
DA:222,0
LF:12
LH:0
BRDA:212,0,0,0
BRDA:212,0,1,0
BRDA:217,1,0,0
BRDA:217,1,1,0
BRF:4
BRH:0
end_of_record
TN:
SF:src\core\constants.ts
FN:19,(anonymous_0)
FNF:1
FNH:1
FNDA:10,(anonymous_0)
DA:2,2
DA:9,2
DA:11,2
DA:16,2
DA:18,2
DA:19,10
DA:22,2
DA:28,2
DA:30,2
LF:9
LH:9
BRF:0
BRH:0
end_of_record
TN:
SF:src\core\logger.ts
FN:2,(anonymous_0)
FN:3,(anonymous_1)
FN:4,(anonymous_2)
FNF:3
FNH:3
FNDA:93,(anonymous_0)
FNDA:1,(anonymous_1)
FNDA:4,(anonymous_2)
DA:1,5
DA:2,93
DA:3,1
DA:4,4
LF:4
LH:4
BRF:0
BRH:0
end_of_record
TN:
SF:src\core\rng.ts
FN:4,createSeededRng
FN:6,(anonymous_1)
FN:17,hashStringToSeed
FNF:3
FNH:3
FNDA:12,createSeededRng
FNDA:1217,(anonymous_1)
FNDA:11,hashStringToSeed
DA:4,3
DA:5,12
DA:6,12
DA:8,1217
DA:9,1217
DA:10,1217
DA:11,1217
DA:12,1217
DA:17,3
DA:18,11
DA:19,11
DA:20,1076
DA:21,1076
DA:23,11
LF:14
LH:14
BRDA:5,0,0,12
BRDA:5,0,1,0
BRF:2
BRH:1
end_of_record
TN:
SF:src\core\controller\GameController.ts
FN:31,(anonymous_0)
FN:35,(anonymous_1)
FN:45,(anonymous_2)
FN:65,(anonymous_3)
FN:66,(anonymous_4)
FN:72,(anonymous_5)
FN:80,(anonymous_6)
FN:81,(anonymous_7)
FN:90,(anonymous_8)
FN:94,(anonymous_9)
FN:114,(anonymous_10)
FN:159,(anonymous_11)
FN:187,(anonymous_12)
FN:193,(anonymous_13)
FN:203,(anonymous_14)
FN:220,(anonymous_15)
FN:276,(anonymous_16)
FN:280,(anonymous_17)
FN:315,(anonymous_18)
FN:319,(anonymous_19)
FN:336,(anonymous_20)
FN:342,(anonymous_21)
FN:346,(anonymous_22)
FN:350,(anonymous_23)
FN:354,(anonymous_24)
FN:359,(anonymous_25)
FN:363,(anonymous_26)
FN:369,(anonymous_27)
FN:375,(anonymous_28)
FN:379,(anonymous_29)
FN:388,(anonymous_30)
FN:397,(anonymous_31)
FN:401,(anonymous_32)
FN:430,(anonymous_33)
FN:434,(anonymous_34)
FN:438,(anonymous_35)
FN:467,(anonymous_36)
FNF:37
FNH:0
FNDA:0,(anonymous_0)
FNDA:0,(anonymous_1)
FNDA:0,(anonymous_2)
FNDA:0,(anonymous_3)
FNDA:0,(anonymous_4)
FNDA:0,(anonymous_5)
FNDA:0,(anonymous_6)
FNDA:0,(anonymous_7)
FNDA:0,(anonymous_8)
FNDA:0,(anonymous_9)
FNDA:0,(anonymous_10)
FNDA:0,(anonymous_11)
FNDA:0,(anonymous_12)
FNDA:0,(anonymous_13)
FNDA:0,(anonymous_14)
FNDA:0,(anonymous_15)
FNDA:0,(anonymous_16)
FNDA:0,(anonymous_17)
FNDA:0,(anonymous_18)
FNDA:0,(anonymous_19)
FNDA:0,(anonymous_20)
FNDA:0,(anonymous_21)
FNDA:0,(anonymous_22)
FNDA:0,(anonymous_23)
FNDA:0,(anonymous_24)
FNDA:0,(anonymous_25)
FNDA:0,(anonymous_26)
FNDA:0,(anonymous_27)
FNDA:0,(anonymous_28)
FNDA:0,(anonymous_29)
FNDA:0,(anonymous_30)
FNDA:0,(anonymous_31)
FNDA:0,(anonymous_32)
FNDA:0,(anonymous_33)
FNDA:0,(anonymous_34)
FNDA:0,(anonymous_35)
FNDA:0,(anonymous_36)
DA:3,0
DA:4,0
DA:6,0
DA:9,0
DA:10,0
DA:11,0
DA:12,0
DA:14,0
DA:20,0
DA:23,0
DA:25,0
DA:26,0
DA:32,0
DA:33,0
DA:38,0
DA:41,0
DA:42,0
DA:43,0
DA:46,0
DA:47,0
DA:48,0
DA:50,0
DA:51,0
DA:52,0
DA:55,0
DA:57,0
DA:59,0
DA:60,0
DA:61,0
DA:62,0
DA:63,0
DA:65,0
DA:66,0
DA:73,0
DA:74,0
DA:75,0
DA:81,0
DA:82,0
DA:83,0
DA:84,0
DA:87,0
DA:91,0
DA:95,0
DA:96,0
DA:98,0
DA:105,0
DA:106,0
DA:107,0
DA:108,0
DA:111,0
DA:115,0
DA:116,0
DA:117,0
DA:118,0
DA:119,0
DA:120,0
DA:125,0
DA:126,0
DA:127,0
DA:133,0
DA:134,0
DA:135,0
DA:136,0
DA:137,0
DA:138,0
DA:141,0
DA:142,0
DA:145,0
DA:146,0
DA:147,0
DA:150,0
DA:151,0
DA:152,0
DA:153,0
DA:154,0
DA:155,0
DA:156,0
DA:160,0
DA:161,0
DA:162,0
DA:164,0
DA:165,0
DA:166,0
DA:167,0
DA:168,0
DA:169,0
DA:172,0
DA:173,0
DA:176,0
DA:177,0
DA:178,0
DA:181,0
DA:184,0
DA:188,0
DA:193,0
DA:194,0
DA:195,0
DA:198,0
DA:199,0
DA:204,0
DA:205,0
DA:207,0
DA:208,0
DA:209,0
DA:212,0
DA:213,0
DA:214,0
DA:217,0
DA:225,0
DA:226,0
DA:227,0
DA:228,0
DA:231,0
DA:232,0
DA:233,0
DA:236,0
DA:238,0
DA:239,0
DA:242,0
DA:243,0
DA:244,0
DA:247,0
DA:248,0
DA:249,0
DA:250,0
DA:251,0
DA:252,0
DA:254,0
DA:255,0
DA:256,0
DA:258,0
DA:261,0
DA:262,0
DA:264,0
DA:266,0
DA:267,0
DA:269,0
DA:271,0
DA:272,0
DA:277,0
DA:281,0
DA:283,0
DA:284,0
DA:285,0
DA:287,0
DA:288,0
DA:289,0
DA:293,0
DA:294,0
DA:295,0
DA:296,0
DA:297,0
DA:298,0
DA:299,0
DA:302,0
DA:304,0
DA:305,0
DA:306,0
DA:310,0
DA:316,0
DA:320,0
DA:322,0
DA:324,0
DA:326,0
DA:328,0
DA:330,0
DA:337,0
DA:343,0
DA:347,0
DA:351,0
DA:355,0
DA:360,0
DA:364,0
DA:365,0
DA:366,0
DA:370,0
DA:371,0
DA:372,0
DA:376,0
DA:380,0
DA:381,0
DA:382,0
DA:383,0
DA:384,0
DA:385,0
DA:389,0
DA:390,0
DA:391,0
DA:392,0
DA:393,0
DA:394,0
DA:398,0
DA:402,0
DA:403,0
DA:406,0
DA:408,0
DA:409,0
DA:410,0
DA:414,0
DA:415,0
DA:416,0
DA:417,0
DA:419,0
DA:420,0
DA:421,0
DA:424,0
DA:425,0
DA:427,0
DA:431,0
DA:435,0
DA:439,0
DA:440,0
DA:441,0
DA:442,0
DA:444,0
DA:446,0
DA:447,0
DA:448,0
DA:449,0
DA:453,0
DA:454,0
DA:455,0
DA:457,0
DA:459,0
DA:460,0
DA:462,0
DA:468,0
DA:469,0
DA:470,0
DA:471,0
DA:472,0
DA:473,0
DA:475,0
DA:476,0
DA:477,0
DA:478,0
DA:480,0
DA:481,0
DA:482,0
LF:239
LH:0
BRDA:33,0,0,0
BRDA:33,0,1,0
BRDA:48,1,0,0
BRDA:50,2,0,0
BRDA:50,2,1,0
BRDA:62,3,0,0
BRDA:62,3,1,0
BRDA:82,4,0,0
BRDA:82,4,1,0
BRDA:119,5,0,0
BRDA:119,5,1,0
BRDA:125,6,0,0
BRDA:125,6,1,0
BRDA:133,7,0,0
BRDA:133,7,1,0
BRDA:133,7,2,0
BRDA:137,8,0,0
BRDA:137,8,1,0
BRDA:145,9,0,0
BRDA:145,9,1,0
BRDA:145,10,0,0
BRDA:145,10,1,0
BRDA:162,11,0,0
BRDA:162,11,1,0
BRDA:168,12,0,0
BRDA:168,12,1,0
BRDA:172,13,0,0
BRDA:172,13,1,0
BRDA:172,14,0,0
BRDA:172,14,1,0
BRDA:172,14,2,0
BRDA:172,14,3,0
BRDA:177,15,0,0
BRDA:177,15,1,0
BRDA:177,16,0,0
BRDA:177,16,1,0
BRDA:194,17,0,0
BRDA:194,17,1,0
BRDA:198,18,0,0
BRDA:198,18,1,0
BRDA:204,19,0,0
BRDA:204,19,1,0
BRDA:207,20,0,0
BRDA:207,20,1,0
BRDA:207,21,0,0
BRDA:207,21,1,0
BRDA:207,21,2,0
BRDA:207,21,3,0
BRDA:213,22,0,0
BRDA:213,22,1,0
BRDA:217,23,0,0
BRDA:217,23,1,0
BRDA:226,24,0,0
BRDA:226,24,1,0
BRDA:232,25,0,0
BRDA:232,25,1,0
BRDA:236,26,0,0
BRDA:236,26,1,0
BRDA:242,27,0,0
BRDA:242,27,1,0
BRDA:247,28,0,0
BRDA:247,28,1,0
BRDA:248,29,0,0
BRDA:248,29,1,0
BRDA:249,30,0,0
BRDA:249,30,1,0
BRDA:283,31,0,0
BRDA:283,31,1,0
BRDA:283,32,0,0
BRDA:283,32,1,0
BRDA:287,33,0,0
BRDA:287,33,1,0
BRDA:287,34,0,0
BRDA:287,34,1,0
BRDA:295,35,0,0
BRDA:295,35,1,0
BRDA:298,36,0,0
BRDA:298,36,1,0
BRDA:298,37,0,0
BRDA:298,37,1,0
BRDA:304,38,0,0
BRDA:304,38,1,0
BRDA:304,39,0,0
BRDA:304,39,1,0
BRDA:320,40,0,0
BRDA:320,40,1,0
BRDA:320,40,2,0
BRDA:320,40,3,0
BRDA:320,40,4,0
BRDA:402,41,0,0
BRDA:402,41,1,0
BRDA:403,42,0,0
BRDA:403,42,1,0
BRDA:403,43,0,0
BRDA:403,43,1,0
BRDA:409,44,0,0
BRDA:409,44,1,0
BRDA:409,45,0,0
BRDA:409,45,1,0
BRDA:414,46,0,0
BRDA:414,46,1,0
BRDA:415,47,0,0
BRDA:415,47,1,0
BRDA:416,48,0,0
BRDA:416,48,1,0
BRDA:416,49,0,0
BRDA:416,49,1,0
BRDA:417,50,0,0
BRDA:417,50,1,0
BRDA:417,51,0,0
BRDA:417,51,1,0
BRDA:421,52,0,0
BRDA:421,52,1,0
BRDA:421,53,0,0
BRDA:421,53,1,0
BRDA:440,54,0,0
BRDA:440,54,1,0
BRDA:446,55,0,0
BRDA:446,55,1,0
BRDA:446,56,0,0
BRDA:446,56,1,0
BRDA:469,57,0,0
BRDA:469,57,1,0
BRF:123
BRH:0
end_of_record
TN:
SF:src\core\controller\ScoreController.ts
FN:37,(anonymous_0)
FN:45,(anonymous_1)
FN:52,(anonymous_2)
FN:56,(anonymous_3)
FN:63,(anonymous_4)
FN:67,(anonymous_5)
FN:72,(anonymous_6)
FN:76,(anonymous_7)
FN:88,(anonymous_8)
FN:95,(anonymous_9)
FN:102,(anonymous_10)
FN:121,(anonymous_11)
FN:153,(anonymous_12)
FN:158,(anonymous_13)
FN:162,(anonymous_14)
FN:179,(anonymous_15)
FN:183,(anonymous_16)
FNF:17
FNH:17
FNDA:38,(anonymous_0)
FNDA:3,(anonymous_1)
FNDA:7,(anonymous_2)
FNDA:4,(anonymous_3)
FNDA:12,(anonymous_4)
FNDA:2,(anonymous_5)
FNDA:5,(anonymous_6)
FNDA:7,(anonymous_7)
FNDA:4,(anonymous_8)
FNDA:24,(anonymous_9)
FNDA:23,(anonymous_10)
FNDA:15,(anonymous_11)
FNDA:24,(anonymous_12)
FNDA:22,(anonymous_13)
FNDA:23,(anonymous_14)
FNDA:63,(anonymous_15)
FNDA:22,(anonymous_16)
DA:2,2
DA:4,2
DA:24,2
DA:29,38
DA:30,38
DA:31,38
DA:32,38
DA:38,38
DA:39,38
DA:41,38
DA:42,38
DA:46,3
DA:47,3
DA:48,3
DA:53,7
DA:57,4
DA:58,4
DA:59,4
DA:64,12
DA:68,2
DA:69,2
DA:73,5
DA:77,7
DA:78,1
DA:79,1
DA:81,6
DA:82,6
DA:83,1
DA:85,5
DA:86,5
DA:89,4
DA:90,1
DA:92,3
DA:96,24
DA:97,24
DA:98,24
DA:99,24
DA:103,23
DA:104,23
DA:105,1
DA:108,22
DA:109,22
DA:110,22
DA:111,22
DA:112,2
DA:115,20
DA:116,20
DA:117,20
DA:118,20
DA:122,15
DA:123,1
DA:126,14
DA:127,14
DA:128,14
DA:129,14
DA:130,14
DA:131,14
DA:133,14
DA:134,2
DA:135,12
DA:136,4
DA:140,8
DA:145,14
DA:154,24
DA:155,24
DA:159,22
DA:163,23
DA:164,23
DA:165,23
DA:166,1
DA:169,23
DA:170,1
DA:171,1
DA:174,22
DA:175,22
DA:176,22
DA:180,63
DA:184,22
LF:78
LH:78
BRDA:47,0,0,3
BRDA:47,0,1,0
BRDA:58,1,0,4
BRDA:58,1,1,0
BRDA:77,2,0,1
BRDA:77,2,1,6
BRDA:82,3,0,1
BRDA:82,3,1,5
BRDA:89,4,0,1
BRDA:89,4,1,3
BRDA:104,5,0,1
BRDA:104,5,1,22
BRDA:109,6,0,22
BRDA:109,6,1,19
BRDA:111,7,0,2
BRDA:111,7,1,20
BRDA:122,8,0,1
BRDA:122,8,1,14
BRDA:133,9,0,2
BRDA:133,9,1,12
BRDA:135,10,0,4
BRDA:135,10,1,8
BRDA:165,11,0,1
BRDA:165,11,1,22
BRDA:165,12,0,23
BRDA:165,12,1,21
BRDA:169,13,0,1
BRDA:169,13,1,22
BRF:28
BRH:26
end_of_record
TN:
SF:src\core\controller\WaterFlowController.ts
FN:16,(anonymous_0)
FN:24,(anonymous_1)
FN:104,(anonymous_2)
FN:109,(anonymous_3)
FN:134,(anonymous_4)
FN:140,(anonymous_5)
FN:141,(anonymous_6)
FN:144,(anonymous_7)
FN:152,(anonymous_8)
FN:167,(anonymous_9)
FN:171,(anonymous_10)
FN:175,(anonymous_11)
FN:179,(anonymous_12)
FN:210,(anonymous_13)
FNF:14
FNH:12
FNDA:13,(anonymous_0)
FNDA:13,(anonymous_1)
FNDA:2,(anonymous_2)
FNDA:13,(anonymous_3)
FNDA:0,(anonymous_4)
FNDA:4,(anonymous_5)
FNDA:0,(anonymous_6)
FNDA:11,(anonymous_7)
FNDA:11,(anonymous_8)
FNDA:11,(anonymous_9)
FNDA:13,(anonymous_10)
FNDA:13,(anonymous_11)
FNDA:79,(anonymous_12)
FNDA:13,(anonymous_13)
DA:1,1
DA:2,1
DA:3,1
DA:7,1
DA:11,1
DA:12,13
DA:14,13
DA:17,13
DA:18,13
DA:19,13
DA:20,13
DA:21,13
DA:25,13
DA:26,1
DA:28,12
DA:29,12
DA:30,1
DA:31,1
DA:34,11
DA:35,11
DA:36,11
DA:38,11
DA:39,11
DA:40,11
DA:41,11
DA:44,11
DA:45,13
DA:46,13
DA:47,0
DA:48,0
DA:49,0
DA:52,13
DA:53,13
DA:55,13
DA:56,13
DA:57,0
DA:58,0
DA:59,0
DA:62,13
DA:64,13
DA:65,2
DA:66,2
DA:69,11
DA:70,11
DA:72,11
DA:73,2
DA:76,11
DA:77,11
DA:78,0
DA:79,0
DA:80,0
DA:83,11
DA:84,11
DA:85,11
DA:86,9
DA:87,9
DA:88,9
DA:91,2
DA:92,2
DA:95,11
DA:96,0
DA:97,0
DA:100,11
DA:101,11
DA:105,2
DA:115,13
DA:116,13
DA:119,13
DA:120,11
DA:123,2
DA:124,0
DA:128,2
DA:129,0
DA:130,0
DA:131,0
DA:133,0
DA:134,0
DA:136,0
DA:140,4
DA:141,2
DA:145,11
DA:146,8
DA:148,3
DA:149,3
DA:153,11
DA:155,0
DA:157,11
DA:159,0
DA:161,0
DA:163,0
DA:168,11
DA:172,13
DA:173,13
DA:175,13
DA:179,13
DA:180,79
DA:181,2
DA:182,2
DA:183,2
DA:184,2
DA:185,2
DA:188,77
DA:189,11
DA:192,77
DA:193,77
DA:194,77
DA:196,77
DA:197,11
DA:198,11
DA:199,11
DA:200,11
DA:203,66
DA:206,13
DA:211,13
LF:114
LH:92
BRDA:25,0,0,1
BRDA:25,0,1,12
BRDA:29,1,0,1
BRDA:29,1,1,11
BRDA:44,2,0,13
BRDA:44,2,1,13
BRDA:46,3,0,0
BRDA:46,3,1,13
BRDA:46,4,0,13
BRDA:46,4,1,13
BRDA:46,4,2,13
BRDA:53,5,0,13
BRDA:53,5,1,13
BRDA:55,6,0,13
BRDA:55,6,1,0
BRDA:56,7,0,0
BRDA:56,7,1,13
BRDA:64,8,0,2
BRDA:64,8,1,11
BRDA:72,9,0,2
BRDA:72,9,1,9
BRDA:77,10,0,0
BRDA:77,10,1,11
BRDA:85,11,0,9
BRDA:85,11,1,2
BRDA:95,12,0,0
BRDA:95,12,1,11
BRDA:119,13,0,11
BRDA:119,13,1,2
BRDA:123,14,0,0
BRDA:123,14,1,2
BRDA:123,15,0,2
BRDA:123,15,1,2
BRDA:128,16,0,0
BRDA:128,16,1,2
BRDA:130,17,0,0
BRDA:130,17,1,0
BRDA:134,18,0,0
BRDA:134,18,1,0
BRDA:134,18,2,0
BRDA:136,19,0,0
BRDA:136,19,1,0
BRDA:140,20,0,4
BRDA:140,20,1,2
BRDA:141,21,0,2
BRDA:141,21,1,0
BRDA:141,21,2,0
BRDA:145,22,0,8
BRDA:145,22,1,3
BRDA:145,23,0,11
BRDA:145,23,1,4
BRDA:145,23,2,4
BRDA:145,23,3,4
BRDA:148,24,0,3
BRDA:148,24,1,0
BRDA:153,25,0,0
BRDA:153,25,1,11
BRDA:153,25,2,0
BRDA:153,25,3,0
BRDA:153,25,4,0
BRDA:180,26,0,2
BRDA:180,26,1,77
BRDA:188,27,0,11
BRDA:188,27,1,66
BRDA:196,28,0,11
BRDA:196,28,1,66
BRF:66
BRH:45
end_of_record
TN:
SF:src\core\logic\boardBuilder.ts
FN:21,buildInitialBoard
FN:55,createEmptyGrid
FN:56,(anonymous_2)
FN:56,(anonymous_3)
FN:59,getAllCells
FN:69,shuffleCells
FNF:6
FNH:6
FNDA:7,buildInitialBoard
FNDA:6,createEmptyGrid
FNDA:31,(anonymous_2)
FNDA:218,(anonymous_3)
FNDA:6,getAllCells
FNDA:6,shuffleCells
DA:1,1
DA:21,1
DA:27,7
DA:28,1
DA:29,1
DA:35,6
DA:36,6
DA:37,6
DA:38,6
DA:41,6
DA:42,6
DA:44,6
DA:45,54
DA:46,54
DA:49,6
DA:56,218
DA:60,6
DA:61,6
DA:62,31
DA:63,218
DA:66,6
DA:75,6
DA:76,212
DA:77,212
DA:79,6
LF:25
LH:25
BRDA:27,0,0,1
BRDA:27,0,1,6
BRDA:27,1,0,7
BRDA:27,1,1,6
BRF:4
BRH:4
end_of_record
TN:
SF:src\core\logic\pathfinding.ts
FN:7,findLongestConnectedPath
FN:11,(anonymous_1)
FN:13,(anonymous_2)
FN:30,(anonymous_3)
FN:56,linkedNeighbors
FN:87,neighborOf
FN:103,isInBounds
FN:112,getTile
FNF:8
FNH:0
FNDA:0,findLongestConnectedPath
FNDA:0,(anonymous_1)
FNDA:0,(anonymous_2)
FNDA:0,(anonymous_3)
FNDA:0,linkedNeighbors
FNDA:0,neighborOf
FNDA:0,isInBounds
FNDA:0,getTile
DA:1,0
DA:2,0
DA:7,0
DA:8,0
DA:9,0
DA:11,0
DA:13,0
DA:14,0
DA:15,0
DA:16,0
DA:19,0
DA:20,0
DA:21,0
DA:27,0
DA:28,0
DA:30,0
DA:31,0
DA:32,0
DA:35,0
DA:36,0
DA:39,0
DA:40,0
DA:43,0
DA:44,0
DA:45,0
DA:46,0
DA:47,0
DA:48,0
DA:53,0
DA:57,0
DA:58,0
DA:59,0
DA:62,0
DA:63,0
DA:65,0
DA:66,0
DA:67,0
DA:68,0
DA:71,0
DA:72,0
DA:73,0
DA:78,0
DA:79,0
DA:80,0
DA:84,0
DA:88,0
DA:89,0
DA:91,0
DA:92,0
DA:94,0
DA:95,0
DA:97,0
DA:98,0
DA:100,0
DA:104,0
DA:105,0
DA:108,0
DA:109,0
DA:113,0
LF:59
LH:0
BRDA:15,0,0,0
BRDA:15,0,1,0
BRDA:20,1,0,0
BRDA:20,1,1,0
BRDA:20,2,0,0
BRDA:20,2,1,0
BRDA:20,2,2,0
BRDA:31,3,0,0
BRDA:31,3,1,0
BRDA:31,4,0,0
BRDA:31,4,1,0
BRDA:44,5,0,0
BRDA:44,5,1,0
BRDA:47,6,0,0
BRDA:47,6,1,0
BRDA:47,7,0,0
BRDA:47,7,1,0
BRDA:47,7,2,0
BRDA:58,8,0,0
BRDA:58,8,1,0
BRDA:58,9,0,0
BRDA:58,9,1,0
BRDA:58,9,2,0
BRDA:62,10,0,0
BRDA:62,10,1,0
BRDA:67,11,0,0
BRDA:67,11,1,0
BRDA:72,12,0,0
BRDA:72,12,1,0
BRDA:72,13,0,0
BRDA:72,13,1,0
BRDA:72,13,2,0
BRDA:78,14,0,0
BRDA:78,14,1,0
BRDA:79,15,0,0
BRDA:79,15,1,0
BRDA:88,16,0,0
BRDA:88,16,1,0
BRDA:89,17,0,0
BRDA:89,17,1,0
BRDA:91,18,0,0
BRDA:91,18,1,0
BRDA:92,19,0,0
BRDA:92,19,1,0
BRDA:94,20,0,0
BRDA:94,20,1,0
BRDA:95,21,0,0
BRDA:95,21,1,0
BRDA:97,22,0,0
BRDA:97,22,1,0
BRDA:98,23,0,0
BRDA:98,23,1,0
BRDA:104,24,0,0
BRDA:104,24,1,0
BRDA:104,25,0,0
BRDA:104,25,1,0
BRDA:108,26,0,0
BRDA:108,26,1,0
BRDA:109,27,0,0
BRDA:109,27,1,0
BRF:60
BRH:0
end_of_record
TN:
SF:src\core\logic\pipeDefinitions.ts
FN:75,getPipeDefinition
FN:79,getAllPipeKinds
FN:83,getRandomizablePipeKinds
FN:85,(anonymous_3)
FN:89,getBasePorts
FN:93,getPipeAssetPath
FN:97,getMaxFlowVisits
FN:101,isRandomizable
FN:105,getFlowStrategy
FNF:9
FNH:6
FNDA:0,getPipeDefinition
FNDA:0,getAllPipeKinds
FNDA:3,getRandomizablePipeKinds
FNDA:15,(anonymous_3)
FNDA:69,getBasePorts
FNDA:3,getPipeAssetPath
FNDA:27,getMaxFlowVisits
FNDA:0,isRandomizable
FNDA:17,getFlowStrategy
DA:18,4
DA:71,4
DA:75,4
DA:76,0
DA:79,4
DA:80,0
DA:83,4
DA:84,3
DA:85,15
DA:89,4
DA:90,69
DA:93,4
DA:94,3
DA:97,4
DA:98,27
DA:101,4
DA:102,0
DA:105,4
DA:106,17
LF:19
LH:16
BRF:0
BRH:0
end_of_record
TN:
SF:src\core\logic\pipes.ts
FN:7,getPorts
FN:14,(anonymous_1)
FN:17,rotateDir
FNF:3
FNH:3
FNDA:64,getPorts
FNDA:129,(anonymous_1)
FNDA:129,rotateDir
DA:1,2
DA:2,2
DA:5,2
DA:7,2
DA:8,64
DA:9,64
DA:10,0
DA:11,0
DA:14,129
DA:18,129
DA:19,129
DA:20,129
LF:12
LH:10
BRDA:9,0,0,0
BRDA:9,0,1,64
BRDA:9,1,0,64
BRDA:9,1,1,64
BRF:4
BRH:3
end_of_record
TN:
SF:src\core\logic\pipesQueue.ts
FN:13,(anonymous_0)
FN:30,(anonymous_1)
FN:35,(anonymous_2)
FN:39,(anonymous_3)
FN:47,(anonymous_4)
FN:51,(anonymous_5)
FN:57,(anonymous_6)
FNF:7
FNH:7
FNDA:8,(anonymous_0)
FNDA:1,(anonymous_1)
FNDA:1,(anonymous_2)
FNDA:2,(anonymous_3)
FNDA:8,(anonymous_4)
FNDA:7,(anonymous_5)
FNDA:29,(anonymous_6)
DA:3,1
DA:10,1
DA:11,8
DA:14,8
DA:15,8
DA:16,8
DA:18,8
DA:19,1
DA:20,1
DA:22,7
DA:23,1
DA:24,1
DA:27,6
DA:31,1
DA:32,1
DA:36,1
DA:40,2
DA:43,2
DA:44,2
DA:48,8
DA:52,7
DA:53,27
DA:58,29
DA:59,29
DA:60,29
DA:61,29
LF:26
LH:26
BRDA:18,0,0,1
BRDA:18,0,1,7
BRDA:22,1,0,1
BRDA:22,1,1,6
BRF:4
BRH:4
end_of_record
